[2018-06-03 10:07:34,787]-logger.py]-INFO:点击登录
[2018-06-03 10:07:38,468]-logger.py]-INFO:点击GPS查询
[2018-06-03 10:07:42,582]-logger.py]-INFO:点击区域车辆
[2018-06-03 10:07:43,551]-logger.py]-INFO:选择客货运车辆
[2018-06-03 10:07:51,931]-logger.py]-INFO:选择半径
[2018-06-03 10:07:55,200]-logger.py]-INFO:点击确定
[2018-06-03 10:07:55,655]-logger.py]-INFO:点击查目标位置
[2018-06-03 10:08:30,455]-logger.py]-INFO:向下滑动
[2018-06-03 10:08:36,584]-logger.py]-INFO:使用正则匹配粤E
[2018-06-03 10:08:40,073]-logger.py]-INFO:向下滑动
[2018-06-03 10:22:29,694]-logger.py]-INFO:点击登录
[2018-06-03 10:22:33,119]-logger.py]-INFO:点击GPS查询
[2018-06-03 10:22:37,111]-logger.py]-INFO:点击区域车辆
[2018-06-03 10:22:40,028]-logger.py]-INFO:选择出租客运
[2018-06-03 10:22:45,797]-logger.py]-INFO:选择半径
[2018-06-03 10:22:49,099]-logger.py]-INFO:点击确定
[2018-06-03 10:22:49,428]-logger.py]-INFO:点击查目标位置
[2018-06-03 10:23:20,175]-logger.py]-INFO:向下滑动
[2018-06-03 10:27:35,818]-logger.py]-INFO:点击登录
[2018-06-03 10:27:39,296]-logger.py]-INFO:点击GPS查询
[2018-06-03 10:27:43,062]-logger.py]-INFO:点击区域车辆
[2018-06-03 10:27:46,079]-logger.py]-INFO:选择出租客运
[2018-06-03 10:27:49,867]-logger.py]-INFO:选择大沥汽车客运站
[2018-06-03 10:27:54,663]-logger.py]-INFO:选择半径
[2018-06-03 10:27:57,995]-logger.py]-INFO:点击确定
[2018-06-03 10:27:58,292]-logger.py]-INFO:点击查目标位置
[2018-06-03 10:28:29,175]-logger.py]-INFO:向下滑动
[2018-06-03 10:28:52,054]-logger.py]-INFO:点击登录
[2018-06-03 10:28:55,567]-logger.py]-INFO:点击GPS查询
[2018-06-03 10:28:59,608]-logger.py]-INFO:点击区域车辆
[2018-06-03 10:29:02,626]-logger.py]-INFO:选择出租客运
[2018-06-03 10:29:12,719]-logger.py]-INFO:选择大沥汽车客运站
[2018-06-03 10:29:17,564]-logger.py]-INFO:选择半径
[2018-06-03 10:29:20,853]-logger.py]-INFO:点击确定
[2018-06-03 10:29:21,321]-logger.py]-INFO:点击查目标位置
[2018-06-03 10:29:52,275]-logger.py]-INFO:向下滑动
[2018-06-03 10:30:18,267]-logger.py]-INFO:点击登录
[2018-06-03 10:30:21,698]-logger.py]-INFO:点击GPS查询
[2018-06-03 10:30:25,507]-logger.py]-INFO:点击区域车辆
[2018-06-03 10:30:28,550]-logger.py]-INFO:选择出租客运
[2018-06-03 10:30:38,587]-logger.py]-INFO:选择大沥汽车客运站
[2018-06-03 10:30:44,335]-logger.py]-INFO:选择半径
[2018-06-03 10:30:47,685]-logger.py]-INFO:点击确定
[2018-06-03 10:30:48,045]-logger.py]-INFO:点击查目标位置
[2018-06-03 10:31:18,906]-logger.py]-INFO:向下滑动
[2018-06-03 10:32:00,385]-logger.py]-INFO:点击登录
[2018-06-03 10:32:03,831]-logger.py]-INFO:点击GPS查询
[2018-06-03 10:32:07,595]-logger.py]-INFO:点击区域车辆
[2018-06-03 10:32:10,696]-logger.py]-INFO:选择出租客运
[2018-06-03 10:32:20,685]-logger.py]-INFO:选择大沥汽车客运站
[2018-06-03 10:32:23,027]-logger.py]-INFO:点击确定
[2018-06-03 10:32:26,916]-logger.py]-INFO:选择半径
[2018-06-03 10:32:30,263]-logger.py]-INFO:点击确定
[2018-06-03 10:32:30,617]-logger.py]-INFO:点击查目标位置
[2018-06-03 10:33:01,690]-logger.py]-INFO:向下滑动
[2018-06-03 10:35:36,674]-logger.py]-INFO:点击登录
[2018-06-03 10:35:40,163]-logger.py]-INFO:点击GPS查询
[2018-06-03 10:35:43,962]-logger.py]-INFO:点击区域车辆
[2018-06-03 10:35:46,888]-logger.py]-INFO:选择出租客运
[2018-06-03 10:35:56,842]-logger.py]-INFO:选择大沥汽车客运站
[2018-06-03 10:35:59,145]-logger.py]-INFO:点击确定
[2018-06-03 10:36:03,023]-logger.py]-INFO:选择半径
[2018-06-03 10:36:06,358]-logger.py]-INFO:点击确定
[2018-06-03 10:36:06,720]-logger.py]-INFO:点击查目标位置
[2018-06-03 10:36:40,457]-logger.py]-INFO:点击登录
[2018-06-03 10:36:43,909]-logger.py]-INFO:点击GPS查询
[2018-06-03 10:36:47,884]-logger.py]-INFO:点击区域车辆
[2018-06-03 10:36:48,554]-logger.py]-INFO:选择客货运车辆
[2018-06-03 10:36:56,773]-logger.py]-INFO:选择半径
[2018-06-03 10:37:00,059]-logger.py]-INFO:点击确定
[2018-06-03 10:37:00,421]-logger.py]-INFO:点击查目标位置
[2018-06-03 10:37:33,944]-logger.py]-INFO:向下滑动
[2018-06-03 10:37:59,743]-logger.py]-INFO:点击登录
[2018-06-03 10:38:03,314]-logger.py]-INFO:点击GPS查询
[2018-06-03 10:38:07,189]-logger.py]-INFO:点击区域车辆
[2018-06-03 10:38:10,200]-logger.py]-INFO:选择出租客运
[2018-06-03 10:38:16,969]-logger.py]-INFO:选择半径
[2018-06-03 10:38:20,243]-logger.py]-INFO:点击确定
[2018-06-03 10:38:27,417]-logger.py]-INFO:选择大沥汽车客运站
[2018-06-03 10:38:29,701]-logger.py]-INFO:点击确定
[2018-06-03 10:38:30,125]-logger.py]-INFO:点击查目标位置
[2018-06-03 10:39:15,764]-logger.py]-INFO:点击登录
[2018-06-03 10:39:19,342]-logger.py]-INFO:点击GPS查询
[2018-06-03 10:39:23,277]-logger.py]-INFO:点击区域车辆
[2018-06-03 10:39:26,208]-logger.py]-INFO:选择出租客运
[2018-06-03 10:39:35,499]-logger.py]-INFO:选择半径
[2018-06-03 10:39:38,787]-logger.py]-INFO:点击确定
[2018-06-03 10:39:39,149]-logger.py]-INFO:点击查目标位置
[2018-06-03 10:40:28,129]-logger.py]-INFO:点击登录
[2018-06-03 10:40:31,684]-logger.py]-INFO:点击GPS查询
[2018-06-03 10:40:35,473]-logger.py]-INFO:点击区域车辆
[2018-06-03 10:40:38,414]-logger.py]-INFO:选择出租客运
[2018-06-03 10:40:47,401]-logger.py]-INFO:选择半径
[2018-06-03 10:40:50,874]-logger.py]-INFO:点击确定
[2018-06-03 10:40:51,188]-logger.py]-INFO:点击查目标位置
[2018-06-03 10:41:29,663]-logger.py]-INFO:点击登录
[2018-06-03 10:41:33,211]-logger.py]-INFO:点击GPS查询
[2018-06-03 10:41:36,940]-logger.py]-INFO:点击区域车辆
[2018-06-03 10:41:39,944]-logger.py]-INFO:选择出租客运
[2018-06-03 10:41:46,715]-logger.py]-INFO:选择半径
[2018-06-03 10:41:50,039]-logger.py]-INFO:点击确定
[2018-06-03 10:41:50,389]-logger.py]-INFO:点击查目标位置
[2018-06-03 10:47:52,298]-logger.py]-INFO:点击登录
[2018-06-03 10:47:55,811]-logger.py]-INFO:点击GPS查询
[2018-06-03 10:47:59,890]-logger.py]-INFO:点击区域车辆
[2018-06-03 10:48:09,678]-logger.py]-INFO:选择出租客运
[2018-06-03 10:48:16,727]-logger.py]-INFO:选择半径
[2018-06-03 10:48:19,974]-logger.py]-INFO:点击确定
[2018-06-03 10:48:20,341]-logger.py]-INFO:点击查目标位置
[2018-06-03 10:48:50,878]-logger.py]-INFO:向下滑动
[2018-06-03 10:49:10,060]-logger.py]-INFO:点击登录
[2018-06-03 10:49:13,581]-logger.py]-INFO:点击GPS查询
[2018-06-03 10:49:17,643]-logger.py]-INFO:点击区域车辆
[2018-06-03 10:49:20,533]-logger.py]-INFO:选择出租客运
[2018-06-03 10:49:29,607]-logger.py]-INFO:选择半径
[2018-06-03 10:49:32,995]-logger.py]-INFO:点击确定
[2018-06-03 10:49:33,330]-logger.py]-INFO:点击查目标位置
[2018-06-03 10:51:11,514]-logger.py]-INFO:点击登录
[2018-06-03 10:51:15,159]-logger.py]-INFO:点击GPS查询
[2018-06-03 10:51:19,022]-logger.py]-INFO:点击区域车辆
[2018-06-03 10:51:21,966]-logger.py]-INFO:选择出租客运
[2018-06-03 10:51:28,764]-logger.py]-INFO:选择半径
[2018-06-03 10:51:32,099]-logger.py]-INFO:点击确定
[2018-06-03 10:51:32,429]-logger.py]-INFO:点击查目标位置
[2018-06-03 10:52:55,319]-logger.py]-INFO:点击登录
[2018-06-03 10:52:58,708]-logger.py]-INFO:点击GPS查询
[2018-06-03 10:53:02,654]-logger.py]-INFO:点击区域车辆
[2018-06-03 10:53:05,558]-logger.py]-INFO:选择出租客运
[2018-06-03 10:53:12,008]-logger.py]-INFO:选择半径
[2018-06-03 10:53:15,286]-logger.py]-INFO:点击确定
[2018-06-03 10:53:15,626]-logger.py]-INFO:点击查目标位置
[2018-06-03 10:53:46,314]-logger.py]-INFO:向下滑动
[2018-06-03 10:55:10,699]-logger.py]-INFO:点击登录
[2018-06-03 10:55:14,102]-logger.py]-INFO:点击GPS查询
[2018-06-03 10:55:17,335]-logger.py]-INFO:点击区域车辆
[2018-06-03 10:55:20,198]-logger.py]-INFO:选择出租客运
[2018-06-03 10:55:26,945]-logger.py]-INFO:选择半径
[2018-06-03 10:55:30,274]-logger.py]-INFO:点击确定
[2018-06-03 10:55:30,588]-logger.py]-INFO:点击查目标位置
[2018-06-03 10:59:35,090]-logger.py]-INFO:点击登录
[2018-06-03 10:59:38,565]-logger.py]-INFO:点击GPS查询
[2018-06-03 10:59:42,385]-logger.py]-INFO:点击区域车辆
[2018-06-03 10:59:45,320]-logger.py]-INFO:选择出租客运
[2018-06-03 10:59:53,742]-logger.py]-INFO:选择半径
[2018-06-03 10:59:57,002]-logger.py]-INFO:点击确定
[2018-06-03 11:00:04,081]-logger.py]-INFO:选择大沥汽车客运站
[2018-06-03 11:00:06,353]-logger.py]-INFO:点击确定
[2018-06-03 11:00:06,886]-logger.py]-INFO:点击查目标位置
[2018-06-03 11:00:12,476]-logger.py]-INFO:点击查看车辆列表
[2018-06-03 11:02:00,355]-logger.py]-INFO:点击登录
[2018-06-03 11:02:03,749]-logger.py]-INFO:点击GPS查询
[2018-06-03 11:02:07,984]-logger.py]-INFO:点击区域车辆
[2018-06-03 11:02:10,921]-logger.py]-INFO:选择出租客运
[2018-06-03 11:02:18,926]-logger.py]-INFO:选择半径
[2018-06-03 11:02:22,254]-logger.py]-INFO:点击确定
[2018-06-03 11:02:28,261]-logger.py]-INFO:选择大沥汽车客运站
[2018-06-03 11:02:30,579]-logger.py]-INFO:点击确定
[2018-06-03 11:02:30,946]-logger.py]-INFO:点击查目标位置
[2018-06-03 11:02:33,461]-logger.py]-INFO:点击查看车辆列表
[2018-06-03 11:02:40,823]-logger.py]-INFO:使用正则匹配粤E
[2018-06-03 11:05:06,258]-logger.py]-INFO:点击登录
[2018-06-03 11:05:09,723]-logger.py]-INFO:点击GPS查询
[2018-06-03 11:05:13,713]-logger.py]-INFO:点击区域车辆
[2018-06-03 11:05:16,578]-logger.py]-INFO:选择出租客运
[2018-06-03 11:05:24,932]-logger.py]-INFO:选择半径
[2018-06-03 11:05:28,272]-logger.py]-INFO:点击确定
[2018-06-03 11:05:34,500]-logger.py]-INFO:选择大沥汽车客运站
[2018-06-03 11:05:36,779]-logger.py]-INFO:点击确定
[2018-06-03 11:05:37,200]-logger.py]-INFO:点击查目标位置
[2018-06-03 11:05:39,729]-logger.py]-INFO:点击查看车辆列表
[2018-06-03 11:05:47,122]-logger.py]-INFO:使用正则匹配粤E
[2018-06-03 11:06:02,998]-logger.py]-INFO:点击业户
[2018-06-03 11:06:08,319]-logger.py]-INFO:点击返回
[2018-06-03 11:06:09,156]-logger.py]-INFO:点击违章 
[2018-06-03 11:06:09,797]-logger.py]-INFO:点击返回主界面
[2018-06-03 11:06:55,018]-logger.py]-INFO:点击登录
[2018-06-03 11:06:58,558]-logger.py]-INFO:点击GPS查询
[2018-06-03 11:07:02,712]-logger.py]-INFO:点击区域车辆
[2018-06-03 11:07:05,598]-logger.py]-INFO:选择出租客运
[2018-06-03 11:07:11,229]-logger.py]-INFO:选择半径
[2018-06-03 11:07:43,823]-logger.py]-INFO:点击登录
[2018-06-03 11:07:47,254]-logger.py]-INFO:点击GPS查询
[2018-06-03 11:07:51,300]-logger.py]-INFO:点击区域车辆
[2018-06-03 11:07:51,948]-logger.py]-INFO:选择客货运车辆
[2018-06-03 11:08:00,093]-logger.py]-INFO:选择半径
[2018-06-03 11:08:03,377]-logger.py]-INFO:点击确定
[2018-06-03 11:08:03,777]-logger.py]-INFO:点击查目标位置
[2018-06-03 11:08:37,257]-logger.py]-INFO:向下滑动
[2018-06-03 11:08:44,231]-logger.py]-INFO:使用正则匹配粤E
[2018-06-03 11:08:47,608]-logger.py]-INFO:向下滑动
[2018-06-03 11:08:48,478]-logger.py]-INFO:点击业户
[2018-06-03 11:08:54,539]-logger.py]-INFO:点击返回
[2018-06-03 11:08:55,052]-logger.py]-INFO:点击违章 
[2018-06-03 11:08:55,724]-logger.py]-INFO:点击返回主界面
[2018-06-03 11:09:16,575]-logger.py]-INFO:点击登录
[2018-06-03 11:09:20,105]-logger.py]-INFO:点击GPS查询
[2018-06-03 11:09:23,892]-logger.py]-INFO:点击区域车辆
[2018-06-03 11:09:26,843]-logger.py]-INFO:选择出租客运
[2018-06-03 11:09:34,905]-logger.py]-INFO:选择半径
[2018-06-03 11:09:38,190]-logger.py]-INFO:点击确定
[2018-06-03 11:09:44,238]-logger.py]-INFO:选择大沥汽车客运站
[2018-06-03 11:09:46,532]-logger.py]-INFO:点击确定
[2018-06-03 11:09:46,897]-logger.py]-INFO:点击查目标位置
[2018-06-03 11:09:49,459]-logger.py]-INFO:点击查看车辆列表
[2018-06-03 11:09:56,824]-logger.py]-INFO:使用正则匹配粤E
[2018-06-03 11:10:08,270]-logger.py]-INFO:向下滑动
[2018-06-03 11:10:12,362]-logger.py]-INFO:点击业户
[2018-06-03 11:10:17,684]-logger.py]-INFO:点击返回
[2018-06-03 11:10:18,388]-logger.py]-INFO:点击违章 
[2018-06-03 11:10:19,135]-logger.py]-INFO:点击返回主界面
[2018-06-03 11:25:41,584]-logger.py]-INFO:点击登录
[2018-06-03 11:25:45,201]-logger.py]-INFO:点击信息报送
[2018-06-03 11:28:33,446]-logger.py]-INFO:点击登录
[2018-06-03 11:28:36,948]-logger.py]-INFO:点击信息报送
[2018-06-03 11:30:08,253]-logger.py]-INFO:点击登录
[2018-06-03 11:30:11,602]-logger.py]-INFO:点击信息报送
[2018-06-03 11:30:18,831]-logger.py]-INFO:点击添加联系人按钮
[2018-06-03 11:35:27,412]-logger.py]-INFO:点击登录
[2018-06-03 11:35:30,862]-logger.py]-INFO:点击信息报送
[2018-06-03 11:35:37,132]-logger.py]-INFO:切换到webview
[2018-06-03 11:35:37,457]-logger.py]-INFO:点击添加联系人按钮
[2018-06-03 11:36:54,479]-logger.py]-INFO:点击登录
[2018-06-03 11:36:58,016]-logger.py]-INFO:点击信息报送
[2018-06-03 11:37:04,473]-logger.py]-INFO:切换到webview
[2018-06-03 11:37:04,837]-logger.py]-INFO:点击添加联系人按钮
[2018-06-03 11:38:38,772]-logger.py]-INFO:点击登录
[2018-06-03 11:38:42,156]-logger.py]-INFO:点击信息报送
[2018-06-03 11:38:48,670]-logger.py]-INFO:切换到webview
[2018-06-03 11:38:49,309]-logger.py]-INFO:点击添加联系人按钮
[2018-06-03 11:40:48,171]-logger.py]-INFO:点击登录
[2018-06-03 11:40:51,725]-logger.py]-INFO:点击信息报送
[2018-06-03 11:40:58,275]-logger.py]-INFO:切换到webview
[2018-06-03 11:40:58,676]-logger.py]-INFO:点击添加联系人按钮
[2018-06-03 11:43:36,256]-logger.py]-INFO:点击登录
[2018-06-03 11:43:39,720]-logger.py]-INFO:点击信息报送
[2018-06-03 11:43:45,152]-logger.py]-INFO:切换到webview
[2018-06-03 11:43:45,518]-logger.py]-INFO:点击添加联系人按钮
[2018-06-03 11:44:58,614]-logger.py]-INFO:点击登录
[2018-06-03 11:45:02,121]-logger.py]-INFO:点击信息报送
[2018-06-03 11:45:07,530]-logger.py]-INFO:切换到webview
[2018-06-03 11:45:08,104]-logger.py]-INFO:点击添加联系人按钮
[2018-06-03 11:46:31,141]-logger.py]-INFO:点击登录
[2018-06-03 11:46:34,603]-logger.py]-INFO:点击信息报送
[2018-06-03 11:46:39,971]-logger.py]-INFO:切换到webview
[2018-06-03 11:46:40,545]-logger.py]-INFO:点击添加联系人按钮
[2018-06-03 11:52:05,931]-logger.py]-INFO:点击登录
[2018-06-03 11:52:09,476]-logger.py]-INFO:点击信息报送
[2018-06-03 11:52:14,848]-logger.py]-INFO:切换到webview
[2018-06-03 11:52:15,406]-logger.py]-INFO:点击添加联系人按钮
[2018-06-03 11:52:18,644]-logger.py]-INFO:选择执法一大队
[2018-06-03 11:53:04,281]-logger.py]-INFO:点击登录
[2018-06-03 11:53:07,751]-logger.py]-INFO:点击信息报送
[2018-06-03 11:53:13,152]-logger.py]-INFO:切换到webview
[2018-06-03 11:53:13,552]-logger.py]-INFO:点击添加联系人按钮
[2018-06-03 11:53:16,822]-logger.py]-INFO:选择执法一大队
[2018-06-03 11:54:25,188]-logger.py]-INFO:点击登录
[2018-06-03 11:54:28,591]-logger.py]-INFO:点击信息报送
[2018-06-03 11:54:34,028]-logger.py]-INFO:切换到webview
[2018-06-03 11:54:34,446]-logger.py]-INFO:点击添加联系人按钮
[2018-06-03 11:54:37,673]-logger.py]-INFO:选择执法一大队
[2018-06-03 11:55:18,030]-logger.py]-INFO:点击登录
[2018-06-03 11:55:21,382]-logger.py]-INFO:点击信息报送
[2018-06-03 11:55:26,792]-logger.py]-INFO:切换到webview
[2018-06-03 11:55:27,222]-logger.py]-INFO:点击添加联系人按钮
[2018-06-03 11:55:30,545]-logger.py]-INFO:选择执法一大队
[2018-06-03 11:55:32,796]-logger.py]-INFO:点击添加按钮
[2018-06-03 11:56:06,437]-logger.py]-INFO:点击登录
[2018-06-03 11:56:09,818]-logger.py]-INFO:点击信息报送
[2018-06-03 11:56:15,262]-logger.py]-INFO:切换到webview
[2018-06-03 11:56:15,681]-logger.py]-INFO:点击添加联系人按钮
[2018-06-03 11:56:18,948]-logger.py]-INFO:选择执法一大队
[2018-06-03 11:56:21,212]-logger.py]-INFO:点击添加按钮
[2018-06-03 11:56:58,383]-logger.py]-INFO:点击登录
[2018-06-03 11:57:01,751]-logger.py]-INFO:点击信息报送
[2018-06-03 11:57:07,111]-logger.py]-INFO:切换到webview
[2018-06-03 11:57:07,711]-logger.py]-INFO:点击添加联系人按钮
[2018-06-03 11:57:10,967]-logger.py]-INFO:选择执法一大队
[2018-06-03 11:57:13,298]-logger.py]-INFO:点击添加按钮
[2018-06-03 11:57:17,209]-logger.py]-INFO:输入标题
[2018-06-03 11:57:19,957]-logger.py]-INFO:输入正文内容
[2018-06-03 11:57:22,265]-logger.py]-INFO:点击发送
[2018-06-03 12:00:26,483]-logger.py]-INFO:点击登录
[2018-06-03 12:00:30,011]-logger.py]-INFO:点击信息报送
[2018-06-03 12:00:35,560]-logger.py]-INFO:切换到webview
[2018-06-03 12:00:35,947]-logger.py]-INFO:点击添加联系人按钮
[2018-06-03 12:00:39,227]-logger.py]-INFO:选择执法一大队
[2018-06-03 12:00:41,521]-logger.py]-INFO:点击添加按钮
[2018-06-03 12:00:45,432]-logger.py]-INFO:输入标题
[2018-06-03 12:00:48,333]-logger.py]-INFO:输入正文内容
[2018-06-03 12:00:50,644]-logger.py]-INFO:点击发送
[2018-06-03 12:54:01,053]-logger.py]-INFO:点击登录
[2018-06-03 12:54:04,533]-logger.py]-INFO:点击信息报送
[2018-06-03 12:54:09,944]-logger.py]-INFO:切换到webview
[2018-06-03 12:54:10,321]-logger.py]-INFO:点击添加联系人按钮
[2018-06-03 12:54:13,560]-logger.py]-INFO:选择执法一大队
[2018-06-03 12:54:15,795]-logger.py]-INFO:点击添加按钮
[2018-06-03 12:54:18,797]-logger.py]-INFO:随机读取文件中的某一行内容
[2018-06-03 12:54:21,068]-logger.py]-INFO:输入标题
[2018-06-03 12:54:24,432]-logger.py]-INFO:输入正文内容
[2018-06-03 12:54:26,737]-logger.py]-INFO:点击发送
[2018-06-03 12:57:07,076]-logger.py]-INFO:点击登录
[2018-06-03 12:57:10,512]-logger.py]-INFO:点击信息报送
[2018-06-03 12:57:15,853]-logger.py]-INFO:切换到webview
[2018-06-03 12:57:16,211]-logger.py]-INFO:点击添加联系人按钮
[2018-06-03 12:57:19,475]-logger.py]-INFO:选择执法一大队
[2018-06-03 12:57:21,900]-logger.py]-INFO:点击添加按钮
[2018-06-03 12:57:24,901]-logger.py]-INFO:随机读取文件中的某一行内容
[2018-06-03 12:57:26,877]-logger.py]-INFO:输入标题
[2018-06-03 12:57:30,753]-logger.py]-INFO:输入正文内容
[2018-06-03 12:57:34,064]-logger.py]-INFO:点击发送
[2018-06-03 12:58:18,896]-logger.py]-INFO:点击登录
[2018-06-03 12:58:22,320]-logger.py]-INFO:点击信息报送
[2018-06-03 12:58:27,693]-logger.py]-INFO:切换到webview
[2018-06-03 12:58:28,075]-logger.py]-INFO:点击添加联系人按钮
[2018-06-03 12:58:31,283]-logger.py]-INFO:选择执法一大队
[2018-06-03 12:58:33,544]-logger.py]-INFO:点击添加按钮
[2018-06-03 12:58:36,545]-logger.py]-INFO:随机读取文件中的某一行内容
[2018-06-03 12:58:39,017]-logger.py]-INFO:输入标题
[2018-06-03 12:58:44,815]-logger.py]-INFO:输入正文内容
[2018-06-03 12:58:48,103]-logger.py]-INFO:点击发送
[2018-06-03 12:59:56,276]-logger.py]-INFO:点击登录
[2018-06-03 12:59:59,777]-logger.py]-INFO:点击信息报送
[2018-06-03 13:00:05,421]-logger.py]-INFO:切换到webview
[2018-06-03 13:00:05,984]-logger.py]-INFO:点击添加联系人按钮
[2018-06-03 13:00:09,263]-logger.py]-INFO:选择执法一大队
[2018-06-03 13:00:11,517]-logger.py]-INFO:点击添加按钮
[2018-06-03 13:00:14,519]-logger.py]-INFO:随机读取文件中的某一行内容
[2018-06-03 13:00:19,074]-logger.py]-INFO:输入标题
[2018-06-03 13:00:24,973]-logger.py]-INFO:输入正文内容
[2018-06-03 13:00:28,303]-logger.py]-INFO:点击发送
[2018-06-03 13:01:08,724]-logger.py]-INFO:点击登录
[2018-06-03 13:01:12,209]-logger.py]-INFO:点击信息报送
[2018-06-03 13:01:17,696]-logger.py]-INFO:切换到webview
[2018-06-03 13:01:18,356]-logger.py]-INFO:点击添加联系人按钮
[2018-06-03 13:01:21,587]-logger.py]-INFO:选择执法一大队
[2018-06-03 13:01:23,896]-logger.py]-INFO:点击添加按钮
[2018-06-03 13:01:26,898]-logger.py]-INFO:随机读取文件中的某一行内容
[2018-06-03 13:01:31,978]-logger.py]-INFO:输入标题
[2018-06-03 13:01:38,055]-logger.py]-INFO:输入正文内容
[2018-06-03 13:01:41,310]-logger.py]-INFO:点击发送
[2018-06-03 13:02:13,381]-logger.py]-INFO:点击登录
[2018-06-03 13:02:16,851]-logger.py]-INFO:点击信息报送
[2018-06-03 13:02:22,309]-logger.py]-INFO:切换到webview
[2018-06-03 13:02:22,690]-logger.py]-INFO:点击添加联系人按钮
[2018-06-03 13:02:25,962]-logger.py]-INFO:选择执法一大队
[2018-06-03 13:02:28,248]-logger.py]-INFO:点击添加按钮
[2018-06-03 13:02:31,248]-logger.py]-INFO:随机读取文件中的某一行内容
[2018-06-03 13:02:35,852]-logger.py]-INFO:输入标题
[2018-06-03 13:02:41,778]-logger.py]-INFO:输入正文内容
[2018-06-03 13:02:45,028]-logger.py]-INFO:点击发送
[2018-06-03 13:03:54,231]-logger.py]-INFO:点击登录
[2018-06-03 13:03:57,611]-logger.py]-INFO:点击信息报送
[2018-06-03 13:04:03,178]-logger.py]-INFO:切换到webview
[2018-06-03 13:04:03,523]-logger.py]-INFO:点击添加联系人按钮
[2018-06-03 13:04:06,717]-logger.py]-INFO:选择执法一大队
[2018-06-03 13:04:09,018]-logger.py]-INFO:点击添加按钮
[2018-06-03 13:04:12,019]-logger.py]-INFO:随机读取文件中的某一行内容
[2018-06-03 13:04:16,218]-logger.py]-INFO:输入标题
[2018-06-03 13:04:24,060]-logger.py]-INFO:输入正文内容
[2018-06-03 13:04:27,347]-logger.py]-INFO:点击发送
[2018-06-03 13:04:54,185]-logger.py]-INFO:点击登录
[2018-06-03 13:04:57,594]-logger.py]-INFO:点击信息报送
[2018-06-03 13:05:03,131]-logger.py]-INFO:切换到webview
[2018-06-03 13:05:03,753]-logger.py]-INFO:点击添加联系人按钮
[2018-06-03 13:05:07,012]-logger.py]-INFO:选择执法一大队
[2018-06-03 13:05:09,364]-logger.py]-INFO:点击添加按钮
[2018-06-03 13:05:12,366]-logger.py]-INFO:随机读取文件中的某一行内容
[2018-06-03 13:05:13,355]-logger.py]-INFO:输入标题
[2018-06-03 13:05:21,126]-logger.py]-INFO:输入正文内容
[2018-06-03 13:05:24,422]-logger.py]-INFO:点击发送
[2018-06-03 13:05:54,130]-logger.py]-INFO:点击登录
[2018-06-03 13:05:57,609]-logger.py]-INFO:点击信息报送
[2018-06-03 13:06:03,008]-logger.py]-INFO:切换到webview
[2018-06-03 13:06:03,423]-logger.py]-INFO:点击添加联系人按钮
[2018-06-03 13:06:06,693]-logger.py]-INFO:选择执法一大队
[2018-06-03 13:06:08,925]-logger.py]-INFO:点击添加按钮
[2018-06-03 13:06:11,927]-logger.py]-INFO:随机读取文件中的某一行内容
[2018-06-03 13:06:13,213]-logger.py]-INFO:输入标题
[2018-06-03 13:06:21,227]-logger.py]-INFO:输入正文内容
[2018-06-03 13:06:24,541]-logger.py]-INFO:点击发送
[2018-06-03 13:06:51,702]-logger.py]-INFO:点击登录
[2018-06-03 13:06:55,188]-logger.py]-INFO:点击信息报送
[2018-06-03 13:07:00,686]-logger.py]-INFO:切换到webview
[2018-06-03 13:07:01,287]-logger.py]-INFO:点击添加联系人按钮
[2018-06-03 13:07:04,498]-logger.py]-INFO:选择执法一大队
[2018-06-03 13:07:06,815]-logger.py]-INFO:点击添加按钮
[2018-06-03 13:07:09,815]-logger.py]-INFO:随机读取文件中的某一行内容
[2018-06-03 13:07:11,211]-logger.py]-INFO:输入标题
[2018-06-03 13:07:19,303]-logger.py]-INFO:输入正文内容
[2018-06-03 13:07:22,527]-logger.py]-INFO:点击发送
[2018-06-03 13:07:44,870]-logger.py]-INFO:点击登录
[2018-06-03 13:07:48,396]-logger.py]-INFO:点击信息报送
[2018-06-03 13:07:54,056]-logger.py]-INFO:切换到webview
[2018-06-03 13:07:54,584]-logger.py]-INFO:点击添加联系人按钮
[2018-06-03 13:07:57,829]-logger.py]-INFO:选择执法一大队
[2018-06-03 13:08:00,130]-logger.py]-INFO:点击添加按钮
[2018-06-03 13:08:03,132]-logger.py]-INFO:随机读取文件中的某一行内容
[2018-06-03 13:08:03,826]-logger.py]-INFO:输入正文内容
[2018-06-03 13:08:08,043]-logger.py]-INFO:输入标题
[2018-06-03 13:08:15,528]-logger.py]-INFO:点击发送
[2018-06-03 13:09:47,373]-logger.py]-INFO:点击登录
[2018-06-03 13:09:51,004]-logger.py]-INFO:点击信息报送
[2018-06-03 13:09:56,580]-logger.py]-INFO:切换到webview
[2018-06-03 13:09:56,903]-logger.py]-INFO:点击添加联系人按钮
[2018-06-03 13:10:00,158]-logger.py]-INFO:选择执法一大队
[2018-06-03 13:10:02,440]-logger.py]-INFO:点击添加按钮
[2018-06-03 13:10:05,441]-logger.py]-INFO:随机读取文件中的某一行内容
[2018-06-03 13:10:05,872]-logger.py]-INFO:输入正文内容
[2018-06-03 13:10:10,033]-logger.py]-INFO:输入标题
[2018-06-03 13:10:17,479]-logger.py]-INFO:点击发送
[2018-06-03 13:10:45,316]-logger.py]-INFO:点击登录
[2018-06-03 13:10:48,814]-logger.py]-INFO:点击信息报送
[2018-06-03 13:10:54,476]-logger.py]-INFO:切换到webview
[2018-06-03 13:10:55,031]-logger.py]-INFO:点击添加联系人按钮
[2018-06-03 13:10:58,312]-logger.py]-INFO:选择执法一大队
[2018-06-03 13:11:00,589]-logger.py]-INFO:点击添加按钮
[2018-06-03 13:11:03,591]-logger.py]-INFO:随机读取文件中的某一行内容
[2018-06-03 13:11:04,410]-logger.py]-INFO:输入正文内容
[2018-06-03 13:11:08,446]-logger.py]-INFO:输入标题
[2018-06-03 13:11:15,917]-logger.py]-INFO:点击发送
[2018-06-03 13:12:36,815]-logger.py]-INFO:点击登录
[2018-06-03 13:12:40,486]-logger.py]-INFO:点击信息报送
[2018-06-03 13:12:46,147]-logger.py]-INFO:切换到webview
[2018-06-03 13:12:46,615]-logger.py]-INFO:点击添加联系人按钮
[2018-06-03 13:12:49,849]-logger.py]-INFO:选择执法一大队
[2018-06-03 13:12:52,160]-logger.py]-INFO:点击添加按钮
[2018-06-03 13:12:55,162]-logger.py]-INFO:随机读取文件中的某一行内容
[2018-06-03 13:12:56,285]-logger.py]-INFO:输入标题
[2018-06-03 13:13:04,016]-logger.py]-INFO:输入正文内容
[2018-06-03 13:13:07,280]-logger.py]-INFO:点击发送
[2018-06-03 13:13:29,325]-logger.py]-INFO:点击登录
[2018-06-03 13:13:32,722]-logger.py]-INFO:点击信息报送
[2018-06-03 13:13:38,096]-logger.py]-INFO:切换到webview
[2018-06-03 13:13:38,454]-logger.py]-INFO:点击添加联系人按钮
[2018-06-03 13:13:41,677]-logger.py]-INFO:选择执法一大队
[2018-06-03 13:13:43,945]-logger.py]-INFO:点击添加按钮
[2018-06-03 13:13:46,947]-logger.py]-INFO:随机读取文件中的某一行内容
[2018-06-03 13:13:48,002]-logger.py]-INFO:输入标题
[2018-06-03 13:13:55,845]-logger.py]-INFO:输入正文内容
[2018-06-03 13:14:29,216]-logger.py]-INFO:点击登录
[2018-06-03 13:14:32,695]-logger.py]-INFO:点击信息报送
[2018-06-03 13:14:37,965]-logger.py]-INFO:切换到webview
[2018-06-03 13:15:12,755]-logger.py]-INFO:点击登录
[2018-06-03 13:15:16,227]-logger.py]-INFO:点击信息报送
[2018-06-03 13:15:21,716]-logger.py]-INFO:切换到webview
[2018-06-03 13:15:21,716]-logger.py]-INFO:随机读取文件中的某一行内容
[2018-06-03 13:15:22,859]-logger.py]-INFO:输入标题
[2018-06-03 13:15:30,271]-logger.py]-INFO:输入正文内容
[2018-06-03 13:15:33,553]-logger.py]-INFO:点击添加联系人按钮
[2018-06-03 13:15:36,813]-logger.py]-INFO:选择执法一大队
[2018-06-03 13:15:39,122]-logger.py]-INFO:点击添加按钮
[2018-06-03 13:17:09,848]-logger.py]-INFO:点击登录
[2018-06-03 13:17:13,277]-logger.py]-INFO:点击信息报送
[2018-06-03 13:17:18,584]-logger.py]-INFO:切换到webview
[2018-06-03 13:17:19,141]-logger.py]-INFO:点击添加联系人按钮
[2018-06-03 13:17:22,392]-logger.py]-INFO:选择执法一大队
[2018-06-03 13:17:24,701]-logger.py]-INFO:点击添加按钮
[2018-06-03 13:17:27,704]-logger.py]-INFO:随机读取文件中的某一行内容
[2018-06-03 13:17:28,214]-logger.py]-INFO:输入标题
[2018-06-03 13:17:35,842]-logger.py]-INFO:输入正文内容
[2018-06-03 13:18:17,897]-logger.py]-INFO:点击登录
[2018-06-03 13:18:21,457]-logger.py]-INFO:点击信息报送
[2018-06-03 13:18:26,772]-logger.py]-INFO:切换到webview
[2018-06-03 13:18:27,129]-logger.py]-INFO:点击添加联系人按钮
[2018-06-03 13:18:30,368]-logger.py]-INFO:选择执法一大队
[2018-06-03 13:18:32,605]-logger.py]-INFO:点击添加按钮
[2018-06-03 13:18:35,607]-logger.py]-INFO:随机读取文件中的某一行内容
[2018-06-03 13:18:38,960]-logger.py]-INFO:输入标题
[2018-06-03 13:18:46,423]-logger.py]-INFO:输入正文内容
[2018-06-03 13:19:17,357]-logger.py]-INFO:点击登录
[2018-06-03 13:19:20,984]-logger.py]-INFO:点击信息报送
[2018-06-03 13:19:26,415]-logger.py]-INFO:切换到webview
[2018-06-03 13:19:26,769]-logger.py]-INFO:点击添加联系人按钮
[2018-06-03 13:19:30,006]-logger.py]-INFO:选择执法一大队
[2018-06-03 13:19:32,292]-logger.py]-INFO:点击添加按钮
[2018-06-03 13:19:35,294]-logger.py]-INFO:随机读取文件中的某一行内容
[2018-06-03 13:19:38,352]-logger.py]-INFO:输入标题
[2018-06-03 13:19:46,093]-logger.py]-INFO:输入正文内容
[2018-06-03 13:20:26,956]-logger.py]-INFO:点击登录
[2018-06-03 13:20:30,365]-logger.py]-INFO:点击信息报送
[2018-06-03 13:20:35,765]-logger.py]-INFO:切换到webview
[2018-06-03 13:20:36,072]-logger.py]-INFO:点击添加联系人按钮
[2018-06-03 13:20:39,329]-logger.py]-INFO:选择执法一大队
[2018-06-03 13:20:41,625]-logger.py]-INFO:点击添加按钮
[2018-06-03 13:20:44,626]-logger.py]-INFO:随机读取文件中的某一行内容
[2018-06-03 13:20:47,602]-logger.py]-INFO:输入标题
[2018-06-03 13:20:55,005]-logger.py]-INFO:输入正文内容
[2018-06-03 13:22:14,188]-logger.py]-INFO:点击登录
[2018-06-03 13:22:17,681]-logger.py]-INFO:点击信息报送
[2018-06-03 13:22:23,052]-logger.py]-INFO:切换到webview
[2018-06-03 13:22:23,660]-logger.py]-INFO:点击添加联系人按钮
[2018-06-03 13:22:26,912]-logger.py]-INFO:选择执法一大队
[2018-06-03 13:22:29,190]-logger.py]-INFO:点击添加按钮
[2018-06-03 13:22:32,192]-logger.py]-INFO:随机读取文件中的某一行内容
[2018-06-03 13:22:34,914]-logger.py]-INFO:输入标题
[2018-06-03 13:22:42,788]-logger.py]-INFO:输入正文内容
[2018-06-03 13:41:47,236]-logger.py]-INFO:点击登录
[2018-06-03 13:41:50,656]-logger.py]-INFO:点击信息报送
[2018-06-03 13:41:56,216]-logger.py]-INFO:切换到webview
[2018-06-03 13:41:56,774]-logger.py]-INFO:点击添加联系人按钮
[2018-06-03 13:42:00,020]-logger.py]-INFO:选择执法一大队
[2018-06-03 13:42:02,300]-logger.py]-INFO:点击添加按钮
[2018-06-03 13:42:05,301]-logger.py]-INFO:随机读取文件中的某一行内容
[2018-06-03 13:42:11,228]-logger.py]-INFO:输入标题
[2018-06-03 13:42:18,980]-logger.py]-INFO:输入正文内容
[2018-06-03 13:43:05,658]-logger.py]-INFO:点击登录
[2018-06-03 13:43:09,188]-logger.py]-INFO:点击信息报送
[2018-06-03 13:43:14,617]-logger.py]-INFO:切换到webview
[2018-06-03 13:43:14,962]-logger.py]-INFO:点击添加联系人按钮
[2018-06-03 13:43:18,198]-logger.py]-INFO:选择执法一大队
[2018-06-03 13:43:20,433]-logger.py]-INFO:点击添加按钮
[2018-06-03 13:43:23,436]-logger.py]-INFO:随机读取文件中的某一行内容
[2018-06-03 13:43:26,379]-logger.py]-INFO:输入标题
[2018-06-03 13:43:29,214]-logger.py]-INFO:输入正文内容
[2018-06-03 13:44:07,284]-logger.py]-INFO:点击登录
[2018-06-03 13:44:10,716]-logger.py]-INFO:点击信息报送
[2018-06-03 13:44:16,198]-logger.py]-INFO:切换到webview
[2018-06-03 13:44:16,740]-logger.py]-INFO:点击添加联系人按钮
[2018-06-03 13:44:19,967]-logger.py]-INFO:选择执法一大队
[2018-06-03 13:44:22,227]-logger.py]-INFO:点击添加按钮
[2018-06-03 13:44:25,228]-logger.py]-INFO:随机读取文件中的某一行内容
[2018-06-03 13:44:26,208]-logger.py]-INFO:输入标题
[2018-06-03 13:44:28,912]-logger.py]-INFO:输入正文内容
[2018-06-03 13:44:32,191]-logger.py]-INFO:点击发送
[2018-06-03 13:45:10,581]-logger.py]-INFO:点击登录
[2018-06-03 13:45:14,040]-logger.py]-INFO:点击信息报送
[2018-06-03 13:45:19,975]-logger.py]-INFO:切换到webview
[2018-06-03 13:45:20,386]-logger.py]-INFO:点击添加联系人按钮
[2018-06-03 13:45:23,619]-logger.py]-INFO:选择执法一大队
[2018-06-03 13:45:25,887]-logger.py]-INFO:点击添加按钮
[2018-06-03 13:45:28,888]-logger.py]-INFO:随机读取文件中的某一行内容
[2018-06-03 13:45:29,443]-logger.py]-INFO:输入标题
[2018-06-03 13:45:32,141]-logger.py]-INFO:输入正文内容
[2018-06-03 13:45:35,471]-logger.py]-INFO:点击发送
[2018-06-03 13:46:21,260]-logger.py]-INFO:点击登录
[2018-06-03 13:46:24,747]-logger.py]-INFO:点击信息报送
[2018-06-03 13:46:30,497]-logger.py]-INFO:切换到webview
[2018-06-03 13:46:30,848]-logger.py]-INFO:点击添加联系人按钮
[2018-06-03 13:46:34,093]-logger.py]-INFO:选择执法一大队
[2018-06-03 13:46:36,362]-logger.py]-INFO:点击添加按钮
[2018-06-03 13:46:39,363]-logger.py]-INFO:随机读取文件中的某一行内容
[2018-06-03 13:46:40,485]-logger.py]-INFO:输入标题
[2018-06-03 13:46:43,314]-logger.py]-INFO:输入正文内容
[2018-06-03 13:46:46,676]-logger.py]-INFO:点击发送
[2018-06-03 13:50:42,835]-logger.py]-INFO:点击登录
[2018-06-03 13:50:46,344]-logger.py]-INFO:点击信息报送
[2018-06-03 13:50:51,743]-logger.py]-INFO:切换到webview
[2018-06-03 13:50:52,318]-logger.py]-INFO:点击添加联系人按钮
[2018-06-03 13:50:55,583]-logger.py]-INFO:选择执法一大队
[2018-06-03 13:50:57,918]-logger.py]-INFO:点击添加按钮
[2018-06-03 13:51:00,919]-logger.py]-INFO:随机读取文件中的某一行内容
[2018-06-03 13:51:01,965]-logger.py]-INFO:输入标题
[2018-06-03 13:51:04,777]-logger.py]-INFO:输入正文内容
[2018-06-03 13:51:08,034]-logger.py]-INFO:点击发送
[2018-06-03 13:52:18,766]-logger.py]-INFO:点击登录
[2018-06-03 13:52:22,296]-logger.py]-INFO:点击信息报送
[2018-06-03 13:52:27,750]-logger.py]-INFO:切换到webview
[2018-06-03 13:52:28,105]-logger.py]-INFO:点击添加联系人按钮
[2018-06-03 13:52:31,351]-logger.py]-INFO:选择执法一大队
[2018-06-03 13:52:33,631]-logger.py]-INFO:点击添加按钮
[2018-06-03 13:52:36,632]-logger.py]-INFO:随机读取文件中的某一行内容
[2018-06-03 13:52:37,712]-logger.py]-INFO:输入标题
[2018-06-03 13:52:40,106]-logger.py]-INFO:输入正文内容
[2018-06-03 13:52:43,332]-logger.py]-INFO:点击发送
[2018-06-03 13:53:12,638]-logger.py]-INFO:点击登录
[2018-06-03 13:53:16,223]-logger.py]-INFO:点击信息报送
[2018-06-03 13:53:21,593]-logger.py]-INFO:切换到webview
[2018-06-03 13:53:21,954]-logger.py]-INFO:点击添加联系人按钮
[2018-06-03 13:53:25,420]-logger.py]-INFO:选择执法一大队
[2018-06-03 13:53:27,716]-logger.py]-INFO:点击添加按钮
[2018-06-03 13:53:30,717]-logger.py]-INFO:随机读取文件中的某一行内容
[2018-06-03 13:54:42,677]-logger.py]-INFO:点击登录
[2018-06-03 13:54:46,230]-logger.py]-INFO:点击信息报送
[2018-06-03 13:54:51,579]-logger.py]-INFO:切换到webview
[2018-06-03 13:54:52,001]-logger.py]-INFO:点击添加联系人按钮
[2018-06-03 13:54:55,279]-logger.py]-INFO:选择执法一大队
[2018-06-03 13:54:57,547]-logger.py]-INFO:点击添加按钮
[2018-06-03 13:55:00,550]-logger.py]-INFO:随机读取文件中的某一行内容
[2018-06-03 13:55:01,546]-logger.py]-INFO:输入标题
[2018-06-03 13:55:04,182]-logger.py]-INFO:输入正文内容
[2018-06-03 13:55:07,465]-logger.py]-INFO:点击发送
[2018-06-03 13:57:30,358]-logger.py]-INFO:点击登录
[2018-06-03 13:57:34,008]-logger.py]-INFO:点击信息报送
[2018-06-03 13:57:39,391]-logger.py]-INFO:切换到webview
[2018-06-03 13:57:39,957]-logger.py]-INFO:点击添加联系人按钮
[2018-06-03 13:57:43,236]-logger.py]-INFO:选择执法一大队
[2018-06-03 13:57:45,539]-logger.py]-INFO:点击添加按钮
[2018-06-03 13:57:48,541]-logger.py]-INFO:随机读取文件中的某一行内容
[2018-06-03 13:57:49,707]-logger.py]-INFO:输入标题
[2018-06-03 13:57:52,438]-logger.py]-INFO:输入正文内容
[2018-06-03 13:57:55,723]-logger.py]-INFO:点击发送
[2018-06-03 13:58:45,476]-logger.py]-INFO:点击登录
[2018-06-03 13:58:48,973]-logger.py]-INFO:点击信息报送
[2018-06-03 13:58:54,444]-logger.py]-INFO:切换到webview
[2018-06-03 13:58:54,796]-logger.py]-INFO:点击添加联系人按钮
[2018-06-03 13:58:58,007]-logger.py]-INFO:选择执法一大队
[2018-06-03 13:59:00,276]-logger.py]-INFO:点击添加按钮
[2018-06-03 13:59:03,278]-logger.py]-INFO:随机读取文件中的某一行内容
[2018-06-03 13:59:04,337]-logger.py]-INFO:输入标题
[2018-06-03 13:59:07,028]-logger.py]-INFO:输入正文内容
[2018-06-03 13:59:10,307]-logger.py]-INFO:点击发送
[2018-06-03 14:00:40,073]-logger.py]-INFO:点击登录
[2018-06-03 14:00:43,591]-logger.py]-INFO:点击信息报送
[2018-06-03 14:00:48,989]-logger.py]-INFO:切换到webview
[2018-06-03 14:00:49,543]-logger.py]-INFO:点击添加联系人按钮
[2018-06-03 14:00:52,780]-logger.py]-INFO:选择执法一大队
[2018-06-03 14:00:55,007]-logger.py]-INFO:点击添加按钮
[2018-06-03 14:00:58,009]-logger.py]-INFO:随机读取文件中的某一行内容
[2018-06-03 14:00:59,029]-logger.py]-INFO:输入标题
[2018-06-03 14:01:01,628]-logger.py]-INFO:输入正文内容
[2018-06-03 14:01:04,943]-logger.py]-INFO:点击发送
[2018-06-03 14:02:33,167]-logger.py]-INFO:点击登录
[2018-06-03 14:02:36,584]-logger.py]-INFO:点击信息报送
[2018-06-03 14:02:41,918]-logger.py]-INFO:切换到webview
[2018-06-03 14:02:42,300]-logger.py]-INFO:点击添加联系人按钮
[2018-06-03 14:02:45,528]-logger.py]-INFO:选择执法一大队
[2018-06-03 14:02:47,789]-logger.py]-INFO:点击添加按钮
[2018-06-03 14:02:50,791]-logger.py]-INFO:随机读取文件中的某一行内容
[2018-06-03 14:02:52,073]-logger.py]-INFO:输入标题
[2018-06-03 14:02:54,490]-logger.py]-INFO:输入正文内容
[2018-06-03 14:02:57,779]-logger.py]-INFO:点击发送
[2018-06-03 14:06:28,299]-logger.py]-INFO:点击登录
[2018-06-03 14:06:31,722]-logger.py]-INFO:点击信息报送
[2018-06-03 14:06:37,204]-logger.py]-INFO:切换到webview
[2018-06-03 14:06:37,615]-logger.py]-INFO:点击添加联系人按钮
[2018-06-03 14:06:40,843]-logger.py]-INFO:选择执法一大队
[2018-06-03 14:06:43,103]-logger.py]-INFO:点击添加按钮
[2018-06-03 14:06:46,105]-logger.py]-INFO:随机读取文件中的某一行内容
[2018-06-03 14:06:47,417]-logger.py]-INFO:输入标题
[2018-06-03 14:06:52,129]-logger.py]-INFO:输入正文内容
[2018-06-03 14:06:55,409]-logger.py]-INFO:点击发送
[2018-06-03 14:08:43,272]-logger.py]-INFO:点击登录
[2018-06-03 14:08:46,782]-logger.py]-INFO:点击信息报送
[2018-06-03 14:08:52,443]-logger.py]-INFO:切换到webview
[2018-06-03 14:08:52,836]-logger.py]-INFO:点击添加联系人按钮
[2018-06-03 14:08:56,085]-logger.py]-INFO:选择执法一大队
[2018-06-03 14:08:58,395]-logger.py]-INFO:点击添加按钮
[2018-06-03 14:09:01,397]-logger.py]-INFO:随机读取文件中的某一行内容
[2018-06-03 14:09:02,165]-logger.py]-INFO:输入标题
[2018-06-03 14:09:06,662]-logger.py]-INFO:输入正文内容
[2018-06-03 14:09:09,893]-logger.py]-INFO:点击发送
[2018-06-03 14:17:15,994]-logger.py]-INFO:点击登录
[2018-06-03 14:17:19,464]-logger.py]-INFO:点击信息报送
[2018-06-03 14:17:24,931]-logger.py]-INFO:切换到webview
[2018-06-03 14:17:25,328]-logger.py]-INFO:点击添加联系人按钮
[2018-06-03 14:17:28,593]-logger.py]-INFO:选择执法一大队
[2018-06-03 14:17:30,851]-logger.py]-INFO:点击添加按钮
[2018-06-03 14:17:33,856]-logger.py]-INFO:随机读取文件中的某一行内容
[2018-06-03 14:17:35,141]-logger.py]-INFO:输入标题
[2018-06-03 14:17:37,583]-logger.py]-INFO:输入正文内容
[2018-06-03 14:21:02,176]-logger.py]-INFO:点击登录
[2018-06-03 14:21:05,633]-logger.py]-INFO:点击信息报送
[2018-06-03 14:21:11,006]-logger.py]-INFO:切换到webview
[2018-06-03 14:21:11,573]-logger.py]-INFO:点击添加联系人按钮
[2018-06-03 14:21:14,839]-logger.py]-INFO:选择执法一大队
[2018-06-03 14:21:17,082]-logger.py]-INFO:点击添加按钮
[2018-06-03 14:21:20,086]-logger.py]-INFO:随机读取文件中的某一行内容
[2018-06-03 14:21:20,919]-logger.py]-INFO:输入标题
[2018-06-03 14:21:23,391]-logger.py]-INFO:输入正文内容
[2018-06-03 14:23:09,724]-logger.py]-INFO:点击登录
[2018-06-03 14:23:13,169]-logger.py]-INFO:点击信息报送
[2018-06-03 14:23:18,633]-logger.py]-INFO:切换到webview
[2018-06-03 14:23:19,210]-logger.py]-INFO:点击添加联系人按钮
[2018-06-03 14:23:22,457]-logger.py]-INFO:选择执法一大队
[2018-06-03 14:23:24,742]-logger.py]-INFO:点击添加按钮
[2018-06-03 14:23:27,745]-logger.py]-INFO:随机读取文件中的某一行内容
[2018-06-03 14:23:28,474]-logger.py]-INFO:输入标题
[2018-06-03 14:23:30,864]-logger.py]-INFO:输入正文内容
[2018-06-03 14:23:34,123]-logger.py]-INFO:点击发送
[2018-06-03 14:24:12,061]-logger.py]-INFO:点击登录
[2018-06-03 14:24:15,485]-logger.py]-INFO:点击信息报送
[2018-06-03 14:24:20,944]-logger.py]-INFO:切换到webview
[2018-06-03 14:24:21,346]-logger.py]-INFO:点击添加联系人按钮
[2018-06-03 14:24:24,576]-logger.py]-INFO:选择执法一大队
[2018-06-03 14:24:26,866]-logger.py]-INFO:点击添加按钮
[2018-06-03 14:24:29,871]-logger.py]-INFO:随机读取文件中的某一行内容
[2018-06-03 14:24:30,957]-logger.py]-INFO:输入标题
[2018-06-03 14:24:33,306]-logger.py]-INFO:输入正文内容
[2018-06-03 14:24:36,629]-logger.py]-INFO:点击发送
[2018-06-03 14:25:38,402]-logger.py]-INFO:点击登录
[2018-06-03 14:25:41,966]-logger.py]-INFO:点击信息报送
[2018-06-03 14:25:47,450]-logger.py]-INFO:切换到webview
[2018-06-03 14:25:47,979]-logger.py]-INFO:点击添加联系人按钮
[2018-06-03 14:25:51,292]-logger.py]-INFO:选择执法一大队
[2018-06-03 14:25:53,584]-logger.py]-INFO:点击添加按钮
[2018-06-03 14:25:56,588]-logger.py]-INFO:随机读取文件中的某一行内容
[2018-06-03 14:25:57,350]-logger.py]-INFO:输入标题
[2018-06-03 14:26:00,766]-logger.py]-INFO:输入正文内容
[2018-06-03 14:26:05,997]-logger.py]-INFO:点击发送
[2018-06-03 14:26:55,239]-logger.py]-INFO:点击登录
[2018-06-03 14:26:58,762]-logger.py]-INFO:点击信息报送
[2018-06-03 14:27:04,172]-logger.py]-INFO:切换到webview
[2018-06-03 14:27:04,745]-logger.py]-INFO:点击添加联系人按钮
[2018-06-03 14:27:07,971]-logger.py]-INFO:选择执法一大队
[2018-06-03 14:27:10,236]-logger.py]-INFO:点击添加按钮
[2018-06-03 14:27:13,243]-logger.py]-INFO:随机读取文件中的某一行内容
[2018-06-03 14:27:14,634]-logger.py]-INFO:输入标题
[2018-06-03 14:27:19,796]-logger.py]-INFO:输入正文内容
[2018-06-03 14:27:25,088]-logger.py]-INFO:点击发送
[2018-06-03 14:28:47,885]-logger.py]-INFO:点击登录
[2018-06-03 14:28:51,537]-logger.py]-INFO:点击信息报送
[2018-06-03 14:28:57,065]-logger.py]-INFO:切换到webview
[2018-06-03 14:28:57,440]-logger.py]-INFO:点击添加联系人按钮
[2018-06-03 14:29:00,675]-logger.py]-INFO:选择执法一大队
[2018-06-03 14:29:02,986]-logger.py]-INFO:点击添加按钮
[2018-06-03 14:29:05,989]-logger.py]-INFO:随机读取文件中的某一行内容
[2018-06-03 14:29:06,619]-logger.py]-INFO:输入标题
[2018-06-03 14:29:09,986]-logger.py]-INFO:输入正文内容
[2018-06-03 14:29:54,072]-logger.py]-INFO:点击登录
[2018-06-03 14:29:57,509]-logger.py]-INFO:点击信息报送
[2018-06-03 14:30:02,583]-logger.py]-INFO:切换到webview
[2018-06-03 14:30:02,973]-logger.py]-INFO:点击添加联系人按钮
[2018-06-03 14:30:06,210]-logger.py]-INFO:选择执法一大队
[2018-06-03 14:30:08,488]-logger.py]-INFO:点击添加按钮
[2018-06-03 14:30:11,490]-logger.py]-INFO:随机读取文件中的某一行内容
[2018-06-03 14:30:12,143]-logger.py]-INFO:输入标题
[2018-06-03 14:30:15,491]-logger.py]-INFO:输入正文内容
[2018-06-03 14:30:20,768]-logger.py]-INFO:点击发送
[2018-06-03 14:31:10,619]-logger.py]-INFO:点击登录
[2018-06-03 14:31:14,059]-logger.py]-INFO:点击信息报送
[2018-06-03 14:31:19,675]-logger.py]-INFO:切换到webview
[2018-06-03 14:31:20,010]-logger.py]-INFO:点击添加联系人按钮
[2018-06-03 14:31:23,270]-logger.py]-INFO:选择执法一大队
[2018-06-03 14:31:25,541]-logger.py]-INFO:点击添加按钮
[2018-06-03 14:31:28,546]-logger.py]-INFO:随机读取文件中的某一行内容
[2018-06-03 14:31:29,112]-logger.py]-INFO:输入标题
[2018-06-03 14:31:32,470]-logger.py]-INFO:输入正文内容
[2018-06-03 14:31:37,748]-logger.py]-INFO:点击发送
[2018-06-03 14:32:32,926]-logger.py]-INFO:点击登录
[2018-06-03 14:32:36,385]-logger.py]-INFO:点击信息报送
[2018-06-03 14:32:41,864]-logger.py]-INFO:切换到webview
[2018-06-03 14:32:42,462]-logger.py]-INFO:点击添加联系人按钮
[2018-06-03 14:32:45,690]-logger.py]-INFO:选择执法一大队
[2018-06-03 14:32:47,914]-logger.py]-INFO:点击添加按钮
[2018-06-03 14:32:50,917]-logger.py]-INFO:随机读取文件中的某一行内容
[2018-06-03 14:32:52,300]-logger.py]-INFO:输入标题
[2018-06-03 14:32:55,681]-logger.py]-INFO:输入正文内容
[2018-06-03 14:32:58,979]-logger.py]-INFO:点击发送
[2018-06-03 14:33:56,128]-logger.py]-INFO:点击登录
[2018-06-03 14:33:59,569]-logger.py]-INFO:点击信息报送
[2018-06-03 14:34:04,950]-logger.py]-INFO:切换到webview
[2018-06-03 14:34:05,527]-logger.py]-INFO:点击添加联系人按钮
[2018-06-03 14:34:08,748]-logger.py]-INFO:选择执法一大队
[2018-06-03 14:34:11,047]-logger.py]-INFO:点击添加按钮
[2018-06-03 14:34:14,053]-logger.py]-INFO:随机读取文件中的某一行内容
[2018-06-03 14:34:15,034]-logger.py]-INFO:输入标题
[2018-06-03 14:34:20,126]-logger.py]-INFO:输入正文内容
[2018-06-03 14:34:23,395]-logger.py]-INFO:点击发送
[2018-06-03 14:34:57,792]-logger.py]-INFO:点击登录
[2018-06-03 14:35:01,216]-logger.py]-INFO:点击信息报送
[2018-06-03 14:35:06,954]-logger.py]-INFO:切换到webview
[2018-06-03 14:35:07,576]-logger.py]-INFO:点击添加联系人按钮
[2018-06-03 14:35:10,845]-logger.py]-INFO:选择执法一大队
[2018-06-03 14:35:13,089]-logger.py]-INFO:点击添加按钮
[2018-06-03 14:35:16,095]-logger.py]-INFO:随机读取文件中的某一行内容
[2018-06-03 14:35:16,826]-logger.py]-INFO:输入标题
[2018-06-03 14:35:22,531]-logger.py]-INFO:输入正文内容
[2018-06-03 14:35:25,837]-logger.py]-INFO:点击发送
[2018-06-03 14:35:53,378]-logger.py]-INFO:点击登录
[2018-06-03 14:35:56,844]-logger.py]-INFO:点击信息报送
[2018-06-03 14:36:02,326]-logger.py]-INFO:切换到webview
[2018-06-03 14:36:02,654]-logger.py]-INFO:点击添加联系人按钮
[2018-06-03 14:36:05,901]-logger.py]-INFO:选择执法一大队
[2018-06-03 14:36:08,197]-logger.py]-INFO:点击添加按钮
[2018-06-03 14:36:11,202]-logger.py]-INFO:随机读取文件中的某一行内容
[2018-06-03 14:36:13,754]-logger.py]-INFO:输入标题
[2018-06-03 14:36:18,794]-logger.py]-INFO:输入正文内容
[2018-06-03 14:36:22,101]-logger.py]-INFO:点击发送
[2018-06-03 14:38:48,769]-logger.py]-INFO:点击登录
[2018-06-03 14:38:52,190]-logger.py]-INFO:点击信息报送
[2018-06-03 14:38:57,598]-logger.py]-INFO:切换到webview
[2018-06-03 14:38:57,978]-logger.py]-INFO:点击添加联系人按钮
[2018-06-03 14:39:01,231]-logger.py]-INFO:选择执法一大队
[2018-06-03 14:39:03,530]-logger.py]-INFO:点击添加按钮
[2018-06-03 14:39:06,533]-logger.py]-INFO:随机读取文件中的某一行内容
[2018-06-03 14:39:09,225]-logger.py]-INFO:输入标题
[2018-06-03 14:39:13,795]-logger.py]-INFO:输入正文内容
[2018-06-03 14:39:17,044]-logger.py]-INFO:点击发送
[2018-06-03 14:41:09,966]-logger.py]-INFO:点击登录
[2018-06-03 14:41:13,387]-logger.py]-INFO:点击信息报送
[2018-06-03 14:41:18,793]-logger.py]-INFO:切换到webview
[2018-06-03 14:41:19,122]-logger.py]-INFO:点击添加联系人按钮
[2018-06-03 14:41:22,413]-logger.py]-INFO:选择执法一大队
[2018-06-03 14:41:24,669]-logger.py]-INFO:点击添加按钮
[2018-06-03 14:41:27,676]-logger.py]-INFO:随机读取文件中的某一行内容
[2018-06-03 14:41:29,463]-logger.py]-INFO:输入标题
[2018-06-03 14:41:33,934]-logger.py]-INFO:输入正文内容
[2018-06-03 14:41:37,302]-logger.py]-INFO:点击发送
[2018-06-03 14:46:56,753]-logger.py]-INFO:点击登录
[2018-06-03 14:47:00,222]-logger.py]-INFO:点击信息报送
[2018-06-03 14:47:05,241]-logger.py]-INFO:切换到webview
[2018-06-03 14:47:05,837]-logger.py]-INFO:点击添加联系人按钮
[2018-06-03 14:47:09,085]-logger.py]-INFO:选择执法一大队
[2018-06-03 14:47:11,363]-logger.py]-INFO:点击添加按钮
[2018-06-03 14:47:14,366]-logger.py]-INFO:随机读取文件中的某一行内容
[2018-06-03 14:47:16,928]-logger.py]-INFO:输入标题
[2018-06-03 14:47:22,615]-logger.py]-INFO:输入正文内容
[2018-06-03 14:47:25,919]-logger.py]-INFO:点击发送
[2018-06-03 14:47:52,327]-logger.py]-INFO:点击登录
[2018-06-03 14:47:55,718]-logger.py]-INFO:点击信息报送
[2018-06-03 14:48:01,323]-logger.py]-INFO:切换到webview
[2018-06-03 14:48:01,877]-logger.py]-INFO:点击添加联系人按钮
[2018-06-03 14:48:05,100]-logger.py]-INFO:选择执法一大队
[2018-06-03 14:48:07,379]-logger.py]-INFO:点击添加按钮
[2018-06-03 14:48:10,386]-logger.py]-INFO:随机读取文件中的某一行内容
[2018-06-03 14:48:13,123]-logger.py]-INFO:输入标题
[2018-06-03 14:48:17,933]-logger.py]-INFO:输入正文内容
[2018-06-03 14:48:21,226]-logger.py]-INFO:点击发送
[2018-06-03 14:48:52,705]-logger.py]-INFO:点击登录
[2018-06-03 14:48:56,222]-logger.py]-INFO:点击信息报送
[2018-06-03 14:49:01,608]-logger.py]-INFO:切换到webview
[2018-06-03 14:49:01,977]-logger.py]-INFO:点击添加联系人按钮
[2018-06-03 14:49:05,183]-logger.py]-INFO:选择执法一大队
[2018-06-03 14:49:07,546]-logger.py]-INFO:点击添加按钮
[2018-06-03 14:49:10,551]-logger.py]-INFO:随机读取文件中的某一行内容
[2018-06-03 14:49:11,548]-logger.py]-INFO:输入标题
[2018-06-03 14:49:15,061]-logger.py]-INFO:输入正文内容
[2018-06-03 14:49:18,333]-logger.py]-INFO:点击发送
[2018-06-03 14:50:23,053]-logger.py]-INFO:点击登录
[2018-06-03 14:50:26,622]-logger.py]-INFO:点击信息报送
[2018-06-03 14:50:32,006]-logger.py]-INFO:切换到webview
[2018-06-03 14:50:32,576]-logger.py]-INFO:点击添加联系人按钮
[2018-06-03 14:50:35,801]-logger.py]-INFO:选择执法一大队
[2018-06-03 14:50:38,058]-logger.py]-INFO:点击添加按钮
[2018-06-03 14:50:41,063]-logger.py]-INFO:随机读取文件中的某一行内容
[2018-06-03 14:50:41,711]-logger.py]-INFO:输入标题
[2018-06-03 14:50:47,730]-logger.py]-INFO:输入正文内容
[2018-06-03 14:50:51,218]-logger.py]-INFO:点击发送
[2018-06-03 14:56:29,546]-logger.py]-INFO:点击登录
[2018-06-03 14:56:32,939]-logger.py]-INFO:点击信息报送
[2018-06-03 14:56:38,415]-logger.py]-INFO:切换到webview
[2018-06-03 14:56:39,022]-logger.py]-INFO:点击添加联系人按钮
[2018-06-03 14:56:42,251]-logger.py]-INFO:选择执法一大队
[2018-06-03 14:56:44,492]-logger.py]-INFO:点击添加按钮
[2018-06-03 14:56:47,497]-logger.py]-INFO:随机读取文件中的某一行内容
[2018-06-03 14:56:48,640]-logger.py]-INFO:输入标题
[2018-06-03 14:56:53,422]-logger.py]-INFO:输入正文内容
[2018-06-03 14:57:47,777]-logger.py]-INFO:点击登录
[2018-06-03 14:57:51,289]-logger.py]-INFO:点击信息报送
[2018-06-03 14:57:56,820]-logger.py]-INFO:切换到webview
[2018-06-03 14:57:57,385]-logger.py]-INFO:点击添加联系人按钮
[2018-06-03 14:58:00,612]-logger.py]-INFO:选择执法一大队
[2018-06-03 14:58:02,973]-logger.py]-INFO:点击添加按钮
[2018-06-03 14:58:05,978]-logger.py]-INFO:随机读取文件中的某一行内容
[2018-06-03 14:58:06,834]-logger.py]-INFO:输入标题
[2018-06-03 14:58:11,976]-logger.py]-INFO:输入正文内容
[2018-06-03 15:00:41,174]-logger.py]-INFO:点击登录
[2018-06-03 15:00:44,627]-logger.py]-INFO:点击信息报送
[2018-06-03 15:00:50,150]-logger.py]-INFO:切换到webview
[2018-06-03 15:00:50,535]-logger.py]-INFO:点击添加联系人按钮
[2018-06-03 15:00:53,762]-logger.py]-INFO:选择执法一大队
[2018-06-03 15:00:55,996]-logger.py]-INFO:点击添加按钮
[2018-06-03 15:00:59,000]-logger.py]-INFO:随机读取文件中的某一行内容
[2018-06-03 15:00:59,902]-logger.py]-INFO:输入标题
[2018-06-03 15:01:04,640]-logger.py]-INFO:输入正文内容
[2018-06-03 15:04:03,511]-logger.py]-INFO:点击登录
[2018-06-03 15:04:07,054]-logger.py]-INFO:点击信息报送
[2018-06-03 15:04:12,455]-logger.py]-INFO:切换到webview
[2018-06-03 15:04:13,062]-logger.py]-INFO:点击添加联系人按钮
[2018-06-03 15:04:16,308]-logger.py]-INFO:选择执法一大队
[2018-06-03 15:04:18,569]-logger.py]-INFO:点击添加按钮
[2018-06-03 15:04:21,572]-logger.py]-INFO:随机读取文件中的某一行内容
[2018-06-03 15:04:22,277]-logger.py]-INFO:输入标题
[2018-06-03 15:04:27,645]-logger.py]-INFO:输入正文内容
[2018-06-03 15:05:46,423]-logger.py]-INFO:点击登录
[2018-06-03 15:05:49,815]-logger.py]-INFO:点击信息报送
[2018-06-03 15:05:55,369]-logger.py]-INFO:切换到webview
[2018-06-03 15:05:55,975]-logger.py]-INFO:点击添加联系人按钮
[2018-06-03 15:05:59,248]-logger.py]-INFO:选择执法一大队
[2018-06-03 15:06:01,525]-logger.py]-INFO:点击添加按钮
[2018-06-03 15:06:04,528]-logger.py]-INFO:随机读取文件中的某一行内容
[2018-06-03 15:06:05,353]-logger.py]-INFO:输入标题
[2018-06-03 15:06:10,280]-logger.py]-INFO:输入正文内容
[2018-06-03 15:07:06,807]-logger.py]-INFO:点击登录
[2018-06-03 15:07:10,326]-logger.py]-INFO:点击信息报送
[2018-06-03 15:07:15,824]-logger.py]-INFO:切换到webview
[2018-06-03 15:07:16,247]-logger.py]-INFO:点击添加联系人按钮
[2018-06-03 15:07:19,471]-logger.py]-INFO:选择执法一大队
[2018-06-03 15:07:21,774]-logger.py]-INFO:点击添加按钮
[2018-06-03 15:07:24,777]-logger.py]-INFO:随机读取文件中的某一行内容
[2018-06-03 15:07:25,658]-logger.py]-INFO:输入标题
[2018-06-03 15:07:29,149]-logger.py]-INFO:输入正文内容
[2018-06-03 15:08:45,174]-logger.py]-INFO:点击登录
[2018-06-03 15:08:48,559]-logger.py]-INFO:点击信息报送
[2018-06-03 15:08:54,157]-logger.py]-INFO:切换到webview
[2018-06-03 15:08:54,483]-logger.py]-INFO:点击添加联系人按钮
[2018-06-03 15:08:57,724]-logger.py]-INFO:选择执法一大队
[2018-06-03 15:09:00,012]-logger.py]-INFO:点击添加按钮
[2018-06-03 15:09:03,014]-logger.py]-INFO:随机读取文件中的某一行内容
[2018-06-03 15:09:03,806]-logger.py]-INFO:输入标题
[2018-06-03 15:09:07,225]-logger.py]-INFO:输入正文内容
[2018-06-03 15:10:44,489]-logger.py]-INFO:点击登录
[2018-06-03 15:12:29,424]-logger.py]-INFO:点击登录
[2018-06-03 15:12:32,909]-logger.py]-INFO:点击信息报送
[2018-06-03 15:12:38,381]-logger.py]-INFO:切换到webview
[2018-06-03 15:12:38,954]-logger.py]-INFO:点击添加联系人按钮
[2018-06-03 15:12:42,258]-logger.py]-INFO:选择执法一大队
[2018-06-03 15:12:44,568]-logger.py]-INFO:点击添加按钮
[2018-06-03 15:12:47,570]-logger.py]-INFO:随机读取文件中的某一行内容
[2018-06-03 15:12:48,968]-logger.py]-INFO:输入标题
[2018-06-03 15:12:52,336]-logger.py]-INFO:输入正文内容
[2018-06-03 15:17:50,879]-logger.py]-INFO:点击登录
[2018-06-03 15:17:54,401]-logger.py]-INFO:点击信息报送
[2018-06-03 15:17:59,809]-logger.py]-INFO:切换到webview
[2018-06-03 15:18:00,389]-logger.py]-INFO:点击添加联系人按钮
[2018-06-03 15:18:03,634]-logger.py]-INFO:选择执法一大队
[2018-06-03 15:18:05,865]-logger.py]-INFO:点击添加按钮
[2018-06-03 15:18:08,871]-logger.py]-INFO:随机读取文件中的某一行内容
[2018-06-03 15:18:09,703]-logger.py]-INFO:输入标题
[2018-06-03 15:18:14,647]-logger.py]-INFO:输入正文内容
[2018-06-03 15:18:17,946]-logger.py]-INFO:点击附件-图片
[2018-06-03 15:18:22,299]-logger.py]-INFO:选择文件
[2018-06-03 15:20:17,783]-logger.py]-INFO:点击登录
[2018-06-03 15:20:21,297]-logger.py]-INFO:点击信息报送
[2018-06-03 15:20:26,806]-logger.py]-INFO:切换到webview
[2018-06-03 15:20:27,360]-logger.py]-INFO:点击添加联系人按钮
[2018-06-03 15:20:30,590]-logger.py]-INFO:选择执法一大队
[2018-06-03 15:20:32,853]-logger.py]-INFO:点击添加按钮
[2018-06-03 15:20:35,858]-logger.py]-INFO:随机读取文件中的某一行内容
[2018-06-03 15:20:36,823]-logger.py]-INFO:输入标题
[2018-06-03 15:20:41,785]-logger.py]-INFO:输入正文内容
[2018-06-03 15:20:45,135]-logger.py]-INFO:点击附件-图片
[2018-06-03 15:20:49,443]-logger.py]-INFO:选择文件
[2018-06-03 15:27:00,271]-logger.py]-INFO:点击登录
[2018-06-03 15:27:03,773]-logger.py]-INFO:点击信息报送
[2018-06-03 15:27:08,714]-logger.py]-INFO:切换到webview
[2018-06-03 15:27:09,082]-logger.py]-INFO:点击添加联系人按钮
[2018-06-03 15:27:12,339]-logger.py]-INFO:选择执法一大队
[2018-06-03 15:27:14,620]-logger.py]-INFO:点击添加按钮
[2018-06-03 15:27:17,624]-logger.py]-INFO:随机读取文件中的某一行内容
[2018-06-03 15:27:18,239]-logger.py]-INFO:输入标题
[2018-06-03 15:27:21,625]-logger.py]-INFO:输入正文内容
[2018-06-03 15:27:24,937]-logger.py]-INFO:点击附件-图片
[2018-06-03 15:27:29,058]-logger.py]-INFO:选择文件
[2018-06-03 15:28:48,186]-logger.py]-INFO:点击登录
[2018-06-03 15:28:51,590]-logger.py]-INFO:点击信息报送
[2018-06-03 15:28:57,021]-logger.py]-INFO:切换到webview
[2018-06-03 15:28:57,418]-logger.py]-INFO:点击添加联系人按钮
[2018-06-03 15:29:00,643]-logger.py]-INFO:选择执法一大队
[2018-06-03 15:29:02,904]-logger.py]-INFO:点击添加按钮
[2018-06-03 15:29:05,907]-logger.py]-INFO:随机读取文件中的某一行内容
[2018-06-03 15:29:06,725]-logger.py]-INFO:输入标题
[2018-06-03 15:29:11,715]-logger.py]-INFO:输入正文内容
[2018-06-03 15:29:15,068]-logger.py]-INFO:点击附件-图片
[2018-06-03 15:29:19,151]-logger.py]-INFO:选择文件
[2018-06-03 15:30:14,380]-logger.py]-INFO:点击登录
[2018-06-03 15:30:17,836]-logger.py]-INFO:点击信息报送
[2018-06-03 15:30:23,299]-logger.py]-INFO:切换到webview
[2018-06-03 15:30:23,621]-logger.py]-INFO:点击添加联系人按钮
[2018-06-03 15:30:26,835]-logger.py]-INFO:选择执法一大队
[2018-06-03 15:30:29,153]-logger.py]-INFO:点击添加按钮
[2018-06-03 15:30:32,156]-logger.py]-INFO:随机读取文件中的某一行内容
[2018-06-03 15:30:33,060]-logger.py]-INFO:输入标题
[2018-06-03 15:30:37,531]-logger.py]-INFO:输入正文内容
[2018-06-03 15:30:40,793]-logger.py]-INFO:点击附件-图片
[2018-06-03 15:30:44,844]-logger.py]-INFO:选择文件
[2018-06-03 15:34:12,226]-logger.py]-INFO:点击登录
[2018-06-03 15:34:15,825]-logger.py]-INFO:点击信息报送
[2018-06-03 15:34:21,248]-logger.py]-INFO:切换到webview
[2018-06-03 15:34:21,593]-logger.py]-INFO:点击添加联系人按钮
[2018-06-03 15:34:24,870]-logger.py]-INFO:选择执法一大队
[2018-06-03 15:34:27,151]-logger.py]-INFO:点击添加按钮
[2018-06-03 15:34:30,156]-logger.py]-INFO:随机读取文件中的某一行内容
[2018-06-03 15:34:31,175]-logger.py]-INFO:输入标题
[2018-06-03 15:34:34,568]-logger.py]-INFO:输入正文内容
[2018-06-03 15:34:37,910]-logger.py]-INFO:点击附件-图片
[2018-06-03 15:34:41,992]-logger.py]-INFO:选择文件
[2018-06-03 15:36:56,316]-logger.py]-INFO:点击登录
[2018-06-03 15:36:59,838]-logger.py]-INFO:点击信息报送
[2018-06-03 15:37:05,247]-logger.py]-INFO:切换到webview
[2018-06-03 15:37:05,560]-logger.py]-INFO:点击添加联系人按钮
[2018-06-03 15:37:08,749]-logger.py]-INFO:选择执法一大队
[2018-06-03 15:37:11,026]-logger.py]-INFO:点击添加按钮
[2018-06-03 15:37:14,029]-logger.py]-INFO:随机读取文件中的某一行内容
[2018-06-03 15:37:14,992]-logger.py]-INFO:输入标题
[2018-06-03 15:37:20,433]-logger.py]-INFO:输入正文内容
[2018-06-03 15:37:23,796]-logger.py]-INFO:点击附件-图片
[2018-06-03 15:37:28,341]-logger.py]-INFO:选择文件
[2018-06-03 15:38:22,497]-logger.py]-INFO:点击登录
[2018-06-03 15:38:26,029]-logger.py]-INFO:点击信息报送
[2018-06-03 15:38:31,439]-logger.py]-INFO:切换到webview
[2018-06-03 15:38:31,773]-logger.py]-INFO:点击添加联系人按钮
[2018-06-03 15:38:34,993]-logger.py]-INFO:选择执法一大队
[2018-06-03 15:38:37,277]-logger.py]-INFO:点击添加按钮
[2018-06-03 15:38:40,280]-logger.py]-INFO:随机读取文件中的某一行内容
[2018-06-03 15:38:41,028]-logger.py]-INFO:输入标题
[2018-06-03 15:38:44,371]-logger.py]-INFO:输入正文内容
[2018-06-03 15:38:47,714]-logger.py]-INFO:点击附件-图片
[2018-06-03 15:38:52,012]-logger.py]-INFO:选择文件
[2018-06-03 15:39:53,924]-logger.py]-INFO:点击登录
[2018-06-03 15:39:57,586]-logger.py]-INFO:点击信息报送
[2018-06-03 15:40:03,112]-logger.py]-INFO:切换到webview
[2018-06-03 15:40:03,722]-logger.py]-INFO:点击添加联系人按钮
[2018-06-03 15:40:07,000]-logger.py]-INFO:选择执法一大队
[2018-06-03 15:40:09,309]-logger.py]-INFO:点击添加按钮
[2018-06-03 15:40:12,313]-logger.py]-INFO:随机读取文件中的某一行内容
[2018-06-03 15:40:13,313]-logger.py]-INFO:输入标题
[2018-06-03 15:40:18,456]-logger.py]-INFO:输入正文内容
[2018-06-03 15:40:21,750]-logger.py]-INFO:点击附件-图片
[2018-06-03 15:40:26,009]-logger.py]-INFO:选择文件
[2018-06-03 15:41:06,228]-logger.py]-INFO:点击登录
[2018-06-03 15:41:09,665]-logger.py]-INFO:点击信息报送
[2018-06-03 15:41:15,072]-logger.py]-INFO:切换到webview
[2018-06-03 15:41:15,644]-logger.py]-INFO:点击添加联系人按钮
[2018-06-03 15:41:18,842]-logger.py]-INFO:选择执法一大队
[2018-06-03 15:41:21,097]-logger.py]-INFO:点击添加按钮
[2018-06-03 15:41:24,103]-logger.py]-INFO:随机读取文件中的某一行内容
[2018-06-03 15:41:24,996]-logger.py]-INFO:输入标题
[2018-06-03 15:41:29,524]-logger.py]-INFO:输入正文内容
[2018-06-03 15:41:32,890]-logger.py]-INFO:点击附件-图片
[2018-06-03 15:41:37,006]-logger.py]-INFO:选择文件
[2018-06-03 15:42:31,372]-logger.py]-INFO:点击登录
[2018-06-03 15:42:35,053]-logger.py]-INFO:点击信息报送
[2018-06-03 15:42:40,525]-logger.py]-INFO:切换到webview
[2018-06-03 15:42:40,852]-logger.py]-INFO:点击添加联系人按钮
[2018-06-03 15:42:44,063]-logger.py]-INFO:选择执法一大队
[2018-06-03 15:42:46,363]-logger.py]-INFO:点击添加按钮
[2018-06-03 15:42:49,367]-logger.py]-INFO:随机读取文件中的某一行内容
[2018-06-03 15:42:50,452]-logger.py]-INFO:输入标题
[2018-06-03 15:42:53,821]-logger.py]-INFO:输入正文内容
[2018-06-03 15:42:57,244]-logger.py]-INFO:点击附件-图片
[2018-06-03 15:43:01,889]-logger.py]-INFO:选择文件
[2018-06-03 15:46:53,284]-logger.py]-INFO:点击登录
[2018-06-03 15:46:56,751]-logger.py]-INFO:点击信息报送
[2018-06-03 15:47:02,159]-logger.py]-INFO:切换到webview
[2018-06-03 15:47:02,718]-logger.py]-INFO:点击添加联系人按钮
[2018-06-03 15:47:05,976]-logger.py]-INFO:选择执法一大队
[2018-06-03 15:47:08,227]-logger.py]-INFO:点击添加按钮
[2018-06-03 15:47:11,232]-logger.py]-INFO:随机读取文件中的某一行内容
[2018-06-03 15:47:12,017]-logger.py]-INFO:输入标题
[2018-06-03 15:47:15,373]-logger.py]-INFO:输入正文内容
[2018-06-03 15:47:18,729]-logger.py]-INFO:点击附件-图片
[2018-06-03 15:47:22,908]-logger.py]-INFO:选择文件
[2018-06-03 15:48:37,687]-logger.py]-INFO:点击登录
[2018-06-03 15:48:41,270]-logger.py]-INFO:点击信息报送
[2018-06-03 15:48:46,704]-logger.py]-INFO:切换到webview
[2018-06-03 15:48:47,057]-logger.py]-INFO:点击添加联系人按钮
[2018-06-03 15:48:50,295]-logger.py]-INFO:选择执法一大队
[2018-06-03 15:48:52,583]-logger.py]-INFO:点击添加按钮
[2018-06-03 15:48:55,588]-logger.py]-INFO:随机读取文件中的某一行内容
[2018-06-03 15:48:56,296]-logger.py]-INFO:输入标题
[2018-06-03 15:48:59,656]-logger.py]-INFO:输入正文内容
[2018-06-03 15:49:03,008]-logger.py]-INFO:点击附件-图片
[2018-06-03 15:49:07,150]-logger.py]-INFO:选择文件
[2018-06-03 15:51:46,700]-logger.py]-INFO:点击登录
[2018-06-03 15:51:50,174]-logger.py]-INFO:点击信息报送
[2018-06-03 15:51:55,716]-logger.py]-INFO:切换到webview
[2018-06-03 15:51:56,285]-logger.py]-INFO:点击添加联系人按钮
[2018-06-03 15:51:59,535]-logger.py]-INFO:选择执法一大队
[2018-06-03 15:52:01,811]-logger.py]-INFO:点击添加按钮
[2018-06-03 15:52:04,812]-logger.py]-INFO:随机读取文件中的某一行内容
[2018-06-03 15:52:05,464]-logger.py]-INFO:输入标题
[2018-06-03 15:52:11,156]-logger.py]-INFO:输入正文内容
[2018-06-03 15:52:14,626]-logger.py]-INFO:点击附件-图片
[2018-06-03 15:52:19,066]-logger.py]-INFO:选择文件
[2018-06-03 15:55:57,004]-logger.py]-INFO:点击登录
[2018-06-03 15:56:00,465]-logger.py]-INFO:点击信息报送
[2018-06-03 15:56:05,915]-logger.py]-INFO:切换到webview
[2018-06-03 15:56:06,270]-logger.py]-INFO:点击添加联系人按钮
[2018-06-03 15:56:09,527]-logger.py]-INFO:选择执法一大队
[2018-06-03 15:56:11,805]-logger.py]-INFO:点击添加按钮
[2018-06-03 15:56:14,810]-logger.py]-INFO:随机读取文件中的某一行内容
[2018-06-03 15:56:15,675]-logger.py]-INFO:输入标题
[2018-06-03 15:56:19,053]-logger.py]-INFO:输入正文内容
[2018-06-03 15:56:22,476]-logger.py]-INFO:点击附件-图片
[2018-06-03 15:56:26,498]-logger.py]-INFO:选择文件
[2018-06-03 15:58:52,212]-logger.py]-INFO:点击登录
[2018-06-03 15:58:55,725]-logger.py]-INFO:点击信息报送
[2018-06-03 15:59:01,256]-logger.py]-INFO:切换到webview
[2018-06-03 15:59:01,587]-logger.py]-INFO:点击添加联系人按钮
[2018-06-03 15:59:04,830]-logger.py]-INFO:选择执法一大队
[2018-06-03 15:59:07,054]-logger.py]-INFO:点击添加按钮
[2018-06-03 15:59:10,059]-logger.py]-INFO:随机读取文件中的某一行内容
[2018-06-03 15:59:10,817]-logger.py]-INFO:输入标题
[2018-06-03 15:59:14,172]-logger.py]-INFO:输入正文内容
[2018-06-03 15:59:17,523]-logger.py]-INFO:点击附件-图片
[2018-06-03 15:59:21,915]-logger.py]-INFO:选择文件
[2018-06-03 16:00:08,329]-logger.py]-INFO:点击登录
[2018-06-03 16:00:11,798]-logger.py]-INFO:点击信息报送
[2018-06-03 16:00:17,332]-logger.py]-INFO:切换到webview
[2018-06-03 16:00:17,899]-logger.py]-INFO:点击添加联系人按钮
[2018-06-03 16:00:21,175]-logger.py]-INFO:选择执法一大队
[2018-06-03 16:00:23,438]-logger.py]-INFO:点击添加按钮
[2018-06-03 16:00:26,443]-logger.py]-INFO:随机读取文件中的某一行内容
[2018-06-03 16:00:27,392]-logger.py]-INFO:输入标题
[2018-06-03 16:00:30,819]-logger.py]-INFO:输入正文内容
[2018-06-03 16:00:34,139]-logger.py]-INFO:点击附件-图片
[2018-06-03 16:00:38,498]-logger.py]-INFO:选择文件
[2018-06-03 16:03:24,113]-logger.py]-INFO:点击登录
[2018-06-03 16:03:27,662]-logger.py]-INFO:点击信息报送
[2018-06-03 16:03:33,088]-logger.py]-INFO:切换到webview
[2018-06-03 16:03:33,803]-logger.py]-INFO:点击添加联系人按钮
[2018-06-03 16:03:37,027]-logger.py]-INFO:选择执法一大队
[2018-06-03 16:03:39,294]-logger.py]-INFO:点击添加按钮
[2018-06-03 16:03:42,297]-logger.py]-INFO:随机读取文件中的某一行内容
[2018-06-03 16:03:43,227]-logger.py]-INFO:输入标题
[2018-06-03 16:03:48,180]-logger.py]-INFO:输入正文内容
[2018-06-03 16:03:51,564]-logger.py]-INFO:点击附件-图片
[2018-06-03 16:03:55,663]-logger.py]-INFO:选择文件
[2018-06-03 16:05:16,424]-logger.py]-INFO:点击登录
[2018-06-03 16:05:19,791]-logger.py]-INFO:点击信息报送
[2018-06-03 16:05:25,160]-logger.py]-INFO:切换到webview
[2018-06-03 16:05:25,741]-logger.py]-INFO:点击添加联系人按钮
[2018-06-03 16:05:29,007]-logger.py]-INFO:选择执法一大队
[2018-06-03 16:05:31,352]-logger.py]-INFO:点击添加按钮
[2018-06-03 16:05:34,356]-logger.py]-INFO:随机读取文件中的某一行内容
[2018-06-03 16:05:35,200]-logger.py]-INFO:输入标题
[2018-06-03 16:05:41,235]-logger.py]-INFO:输入正文内容
[2018-06-03 16:05:44,674]-logger.py]-INFO:点击附件-图片
[2018-06-03 16:05:49,084]-logger.py]-INFO:选择文件
[2018-06-03 16:07:02,432]-logger.py]-INFO:点击登录
[2018-06-03 16:07:05,948]-logger.py]-INFO:点击信息报送
[2018-06-03 16:07:11,492]-logger.py]-INFO:切换到webview
[2018-06-03 16:07:12,080]-logger.py]-INFO:点击添加联系人按钮
[2018-06-03 16:07:15,343]-logger.py]-INFO:选择执法一大队
[2018-06-03 16:07:17,679]-logger.py]-INFO:点击添加按钮
[2018-06-03 16:07:20,684]-logger.py]-INFO:随机读取文件中的某一行内容
[2018-06-03 16:07:21,326]-logger.py]-INFO:输入标题
[2018-06-03 16:07:24,725]-logger.py]-INFO:输入正文内容
[2018-06-03 16:07:28,053]-logger.py]-INFO:点击附件-图片
[2018-06-03 16:07:32,039]-logger.py]-INFO:选择文件
[2018-06-03 16:10:46,557]-logger.py]-INFO:点击登录
[2018-06-03 16:10:49,977]-logger.py]-INFO:点击信息报送
[2018-06-03 16:10:55,353]-logger.py]-INFO:切换到webview
[2018-06-03 16:10:55,725]-logger.py]-INFO:点击添加联系人按钮
[2018-06-03 16:10:58,956]-logger.py]-INFO:选择执法一大队
[2018-06-03 16:11:01,250]-logger.py]-INFO:点击添加按钮
[2018-06-03 16:11:04,254]-logger.py]-INFO:随机读取文件中的某一行内容
[2018-06-03 16:11:04,891]-logger.py]-INFO:输入标题
[2018-06-03 16:11:09,371]-logger.py]-INFO:输入正文内容
[2018-06-03 16:11:12,729]-logger.py]-INFO:点击附件-图片
[2018-06-03 16:11:16,900]-logger.py]-INFO:选择文件
[2018-06-03 16:12:29,791]-logger.py]-INFO:点击登录
[2018-06-03 16:12:33,235]-logger.py]-INFO:点击信息报送
[2018-06-03 16:12:38,655]-logger.py]-INFO:切换到webview
[2018-06-03 16:12:39,043]-logger.py]-INFO:点击添加联系人按钮
[2018-06-03 16:12:42,264]-logger.py]-INFO:选择执法一大队
[2018-06-03 16:12:44,562]-logger.py]-INFO:点击添加按钮
[2018-06-03 16:12:47,566]-logger.py]-INFO:随机读取文件中的某一行内容
[2018-06-03 16:12:48,799]-logger.py]-INFO:输入标题
[2018-06-03 16:12:54,091]-logger.py]-INFO:输入正文内容
[2018-06-03 16:12:57,582]-logger.py]-INFO:点击附件-图片
[2018-06-03 16:13:01,729]-logger.py]-INFO:选择文件
[2018-06-03 16:15:19,982]-logger.py]-INFO:点击登录
[2018-06-03 16:15:23,382]-logger.py]-INFO:点击信息报送
[2018-06-03 16:15:28,849]-logger.py]-INFO:切换到webview
[2018-06-03 16:15:29,440]-logger.py]-INFO:点击添加联系人按钮
[2018-06-03 16:15:32,684]-logger.py]-INFO:选择执法一大队
[2018-06-03 16:15:34,933]-logger.py]-INFO:点击添加按钮
[2018-06-03 16:15:37,937]-logger.py]-INFO:随机读取文件中的某一行内容
[2018-06-03 16:15:39,161]-logger.py]-INFO:输入标题
[2018-06-03 16:15:42,635]-logger.py]-INFO:输入正文内容
[2018-06-03 16:15:45,957]-logger.py]-INFO:点击附件-图片
[2018-06-03 16:15:50,059]-logger.py]-INFO:选择文件
[2018-06-03 16:18:17,540]-logger.py]-INFO:点击登录
[2018-06-03 16:18:21,001]-logger.py]-INFO:点击信息报送
[2018-06-03 16:18:26,392]-logger.py]-INFO:切换到webview
[2018-06-03 16:18:26,738]-logger.py]-INFO:点击添加联系人按钮
[2018-06-03 16:18:30,008]-logger.py]-INFO:选择执法一大队
[2018-06-03 16:18:32,246]-logger.py]-INFO:点击添加按钮
[2018-06-03 16:18:35,250]-logger.py]-INFO:随机读取文件中的某一行内容
[2018-06-03 16:18:35,996]-logger.py]-INFO:输入标题
[2018-06-03 16:18:42,254]-logger.py]-INFO:输入正文内容
[2018-06-03 16:18:45,557]-logger.py]-INFO:点击附件-图片
[2018-06-03 16:18:49,714]-logger.py]-INFO:选择文件
[2018-06-03 16:19:54,601]-logger.py]-INFO:点击登录
[2018-06-03 16:19:58,126]-logger.py]-INFO:点击信息报送
[2018-06-03 16:20:03,692]-logger.py]-INFO:切换到webview
[2018-06-03 16:20:04,065]-logger.py]-INFO:点击添加联系人按钮
[2018-06-03 16:20:07,288]-logger.py]-INFO:选择执法一大队
[2018-06-03 16:20:09,605]-logger.py]-INFO:点击添加按钮
[2018-06-03 16:20:12,608]-logger.py]-INFO:随机读取文件中的某一行内容
[2018-06-03 16:20:13,403]-logger.py]-INFO:输入标题
[2018-06-03 16:20:18,846]-logger.py]-INFO:输入正文内容
[2018-06-03 16:20:22,185]-logger.py]-INFO:点击附件-图片
[2018-06-03 16:20:26,323]-logger.py]-INFO:选择文件
[2018-06-03 16:21:57,188]-logger.py]-INFO:点击登录
[2018-06-03 16:22:00,767]-logger.py]-INFO:点击信息报送
[2018-06-03 16:22:06,235]-logger.py]-INFO:切换到webview
[2018-06-03 16:22:06,641]-logger.py]-INFO:点击添加联系人按钮
[2018-06-03 16:22:09,868]-logger.py]-INFO:选择执法一大队
[2018-06-03 16:22:12,129]-logger.py]-INFO:点击添加按钮
[2018-06-03 16:22:15,133]-logger.py]-INFO:随机读取文件中的某一行内容
[2018-06-03 16:22:15,949]-logger.py]-INFO:输入标题
[2018-06-03 16:22:22,189]-logger.py]-INFO:输入正文内容
[2018-06-03 16:22:25,616]-logger.py]-INFO:点击附件-图片
[2018-06-03 16:22:29,776]-logger.py]-INFO:选择文件
[2018-06-03 16:23:30,901]-logger.py]-INFO:点击登录
[2018-06-03 16:23:34,333]-logger.py]-INFO:点击信息报送
[2018-06-03 16:23:39,777]-logger.py]-INFO:切换到webview
[2018-06-03 16:23:40,180]-logger.py]-INFO:点击添加联系人按钮
[2018-06-03 16:23:43,403]-logger.py]-INFO:选择执法一大队
[2018-06-03 16:23:45,741]-logger.py]-INFO:点击添加按钮
[2018-06-03 16:23:48,746]-logger.py]-INFO:随机读取文件中的某一行内容
[2018-06-03 16:23:49,720]-logger.py]-INFO:输入标题
[2018-06-03 16:23:54,346]-logger.py]-INFO:输入正文内容
[2018-06-03 16:23:57,714]-logger.py]-INFO:点击附件-图片
[2018-06-03 16:24:02,043]-logger.py]-INFO:选择文件
[2018-06-03 16:25:05,283]-logger.py]-INFO:点击登录
[2018-06-03 16:25:08,924]-logger.py]-INFO:点击信息报送
[2018-06-03 16:25:14,344]-logger.py]-INFO:切换到webview
[2018-06-03 16:25:14,944]-logger.py]-INFO:点击添加联系人按钮
[2018-06-03 16:25:18,213]-logger.py]-INFO:选择执法一大队
[2018-06-03 16:25:20,594]-logger.py]-INFO:点击添加按钮
[2018-06-03 16:25:23,598]-logger.py]-INFO:随机读取文件中的某一行内容
[2018-06-03 16:25:24,364]-logger.py]-INFO:输入标题
[2018-06-03 16:25:27,709]-logger.py]-INFO:输入正文内容
[2018-06-03 16:25:30,971]-logger.py]-INFO:点击附件-图片
[2018-06-03 16:25:35,056]-logger.py]-INFO:选择文件
[2018-06-03 16:26:21,596]-logger.py]-INFO:点击登录
[2018-06-03 16:26:25,020]-logger.py]-INFO:点击信息报送
[2018-06-03 16:26:30,671]-logger.py]-INFO:切换到webview
[2018-06-03 16:26:31,113]-logger.py]-INFO:点击添加联系人按钮
[2018-06-03 16:26:34,388]-logger.py]-INFO:选择执法一大队
[2018-06-03 16:26:36,646]-logger.py]-INFO:点击添加按钮
[2018-06-03 16:26:39,650]-logger.py]-INFO:随机读取文件中的某一行内容
[2018-06-03 16:26:40,736]-logger.py]-INFO:输入标题
[2018-06-03 16:26:45,987]-logger.py]-INFO:输入正文内容
[2018-06-03 16:26:49,541]-logger.py]-INFO:点击附件-图片
[2018-06-03 16:26:53,859]-logger.py]-INFO:选择文件
[2018-06-03 16:26:59,359]-logger.py]-INFO:点击图库
[2018-06-03 16:27:02,876]-logger.py]-INFO:选择图片
[2018-06-03 16:27:50,817]-logger.py]-INFO:点击登录
[2018-06-03 16:27:54,366]-logger.py]-INFO:点击信息报送
[2018-06-03 16:27:59,731]-logger.py]-INFO:切换到webview
[2018-06-03 16:28:00,050]-logger.py]-INFO:点击添加联系人按钮
[2018-06-03 16:28:03,301]-logger.py]-INFO:选择执法一大队
[2018-06-03 16:28:05,526]-logger.py]-INFO:点击添加按钮
[2018-06-03 16:28:08,529]-logger.py]-INFO:随机读取文件中的某一行内容
[2018-06-03 16:28:09,141]-logger.py]-INFO:输入标题
[2018-06-03 16:28:12,538]-logger.py]-INFO:输入正文内容
[2018-06-03 16:28:15,836]-logger.py]-INFO:点击附件-图片
[2018-06-03 16:28:19,847]-logger.py]-INFO:选择文件
[2018-06-03 16:28:25,305]-logger.py]-INFO:点击图库
[2018-06-03 16:28:28,808]-logger.py]-INFO:选择图片
[2018-06-03 16:30:38,273]-logger.py]-INFO:点击登录
[2018-06-03 16:30:41,766]-logger.py]-INFO:点击信息报送
[2018-06-03 16:31:13,585]-logger.py]-INFO:点击登录
[2018-06-03 16:31:17,066]-logger.py]-INFO:点击信息报送
[2018-06-03 16:31:22,477]-logger.py]-INFO:切换到webview
[2018-06-03 16:31:23,014]-logger.py]-INFO:点击添加联系人按钮
[2018-06-03 16:31:26,316]-logger.py]-INFO:选择执法一大队
[2018-06-03 16:31:28,551]-logger.py]-INFO:点击添加按钮
[2018-06-03 16:31:31,554]-logger.py]-INFO:随机读取文件中的某一行内容
[2018-06-03 16:31:32,217]-logger.py]-INFO:输入标题
[2018-06-03 16:31:35,643]-logger.py]-INFO:输入正文内容
[2018-06-03 16:31:39,041]-logger.py]-INFO:点击附件-图片
[2018-06-03 16:31:43,661]-logger.py]-INFO:选择文件
[2018-06-03 16:31:49,143]-logger.py]-INFO:点击图库
[2018-06-03 16:31:52,673]-logger.py]-INFO:选择图片
[2018-06-03 16:33:15,172]-logger.py]-INFO:点击登录
[2018-06-03 16:33:18,602]-logger.py]-INFO:点击信息报送
[2018-06-03 16:33:24,104]-logger.py]-INFO:切换到webview
[2018-06-03 16:33:24,704]-logger.py]-INFO:点击添加联系人按钮
[2018-06-03 16:33:27,925]-logger.py]-INFO:选择执法一大队
[2018-06-03 16:33:30,203]-logger.py]-INFO:点击添加按钮
[2018-06-03 16:33:33,206]-logger.py]-INFO:随机读取文件中的某一行内容
[2018-06-03 16:33:34,078]-logger.py]-INFO:输入标题
[2018-06-03 16:33:40,867]-logger.py]-INFO:输入正文内容
[2018-06-03 16:33:44,225]-logger.py]-INFO:点击附件-图片
[2018-06-03 16:33:48,286]-logger.py]-INFO:选择文件
[2018-06-03 16:33:53,725]-logger.py]-INFO:点击图库
[2018-06-03 16:33:57,226]-logger.py]-INFO:选择图片
[2018-06-03 16:34:16,024]-logger.py]-INFO:切换到webview
[2018-06-03 16:34:16,204]-logger.py]-INFO:点击附件-图片
[2018-06-03 16:35:16,670]-logger.py]-INFO:点击登录
[2018-06-03 16:35:20,120]-logger.py]-INFO:点击信息报送
[2018-06-03 16:35:25,575]-logger.py]-INFO:切换到webview
[2018-06-03 16:35:25,905]-logger.py]-INFO:点击添加联系人按钮
[2018-06-03 16:35:29,196]-logger.py]-INFO:选择执法一大队
[2018-06-03 16:35:31,442]-logger.py]-INFO:点击添加按钮
[2018-06-03 16:35:34,445]-logger.py]-INFO:随机读取文件中的某一行内容
[2018-06-03 16:35:35,552]-logger.py]-INFO:输入标题
[2018-06-03 16:35:43,733]-logger.py]-INFO:输入正文内容
[2018-06-03 16:35:47,173]-logger.py]-INFO:点击附件-图片
[2018-06-03 16:35:51,309]-logger.py]-INFO:选择文件
[2018-06-03 16:35:56,759]-logger.py]-INFO:点击图库
[2018-06-03 16:36:00,261]-logger.py]-INFO:选择图片
[2018-06-03 16:36:19,026]-logger.py]-INFO:切换到webview
[2018-06-03 16:36:19,263]-logger.py]-INFO:点击附件-图片
[2018-06-03 16:36:23,002]-logger.py]-INFO:选择相机
[2018-06-03 16:39:24,384]-logger.py]-INFO:点击登录
[2018-06-03 16:39:27,827]-logger.py]-INFO:点击信息报送
[2018-06-03 16:39:33,270]-logger.py]-INFO:切换到webview
[2018-06-03 16:39:33,634]-logger.py]-INFO:点击添加联系人按钮
[2018-06-03 16:39:36,862]-logger.py]-INFO:选择执法一大队
[2018-06-03 16:39:39,185]-logger.py]-INFO:点击添加按钮
[2018-06-03 16:39:42,189]-logger.py]-INFO:随机读取文件中的某一行内容
[2018-06-03 16:39:43,391]-logger.py]-INFO:输入标题
[2018-06-03 16:39:48,743]-logger.py]-INFO:输入正文内容
[2018-06-03 16:39:52,086]-logger.py]-INFO:点击附件-图片
[2018-06-03 16:39:56,250]-logger.py]-INFO:选择文件
[2018-06-03 16:40:01,763]-logger.py]-INFO:点击图库
[2018-06-03 16:40:05,273]-logger.py]-INFO:选择图片
[2018-06-03 16:40:23,789]-logger.py]-INFO:切换到webview
[2018-06-03 16:40:24,002]-logger.py]-INFO:点击附件-图片
[2018-06-03 16:40:27,776]-logger.py]-INFO:选择相机
[2018-06-03 16:40:31,462]-logger.py]-INFO:切换到webview
[2018-06-03 16:40:31,698]-logger.py]-INFO:点击附件-文件
[2018-06-03 16:52:41,326]-logger.py]-INFO:点击登录
[2018-06-03 16:52:44,864]-logger.py]-INFO:点击信息报送
[2018-06-03 16:52:50,408]-logger.py]-INFO:切换到webview
[2018-06-03 16:52:50,808]-logger.py]-INFO:点击添加联系人按钮
[2018-06-03 16:52:54,027]-logger.py]-INFO:选择执法一大队
[2018-06-03 16:52:56,272]-logger.py]-INFO:点击添加按钮
[2018-06-03 16:52:59,276]-logger.py]-INFO:随机读取文件中的某一行内容
[2018-06-03 16:53:00,166]-logger.py]-INFO:输入标题
[2018-06-03 16:53:07,091]-logger.py]-INFO:输入正文内容
[2018-06-03 16:53:10,473]-logger.py]-INFO:点击附件-图片
[2018-06-03 16:53:14,619]-logger.py]-INFO:选择文件
[2018-06-03 16:53:19,875]-logger.py]-INFO:点击图库
[2018-06-03 16:53:23,461]-logger.py]-INFO:选择图片
[2018-06-03 16:53:42,326]-logger.py]-INFO:切换到webview
[2018-06-03 16:53:42,658]-logger.py]-INFO:点击附件-图片
[2018-06-03 16:53:43,887]-logger.py]-INFO:选择相机
[2018-06-03 16:53:47,862]-logger.py]-INFO:点击发送
[2018-06-03 16:54:27,603]-logger.py]-INFO:点击登录
[2018-06-03 16:54:31,087]-logger.py]-INFO:点击信息报送
[2018-06-03 16:54:36,677]-logger.py]-INFO:切换到webview
[2018-06-03 16:54:37,209]-logger.py]-INFO:点击添加联系人按钮
[2018-06-03 16:54:40,401]-logger.py]-INFO:选择执法一大队
[2018-06-03 16:54:42,649]-logger.py]-INFO:点击添加按钮
[2018-06-03 16:54:45,652]-logger.py]-INFO:随机读取文件中的某一行内容
[2018-06-03 16:54:46,520]-logger.py]-INFO:输入标题
[2018-06-03 16:54:53,503]-logger.py]-INFO:输入正文内容
[2018-06-03 16:54:57,000]-logger.py]-INFO:点击附件-图片
[2018-06-03 16:55:01,411]-logger.py]-INFO:选择文件
[2018-06-03 16:55:06,933]-logger.py]-INFO:点击图库
[2018-06-03 16:55:10,464]-logger.py]-INFO:选择图片
[2018-06-03 16:55:28,966]-logger.py]-INFO:切换到webview
[2018-06-03 16:55:29,209]-logger.py]-INFO:点击附件-图片
[2018-06-03 16:55:30,378]-logger.py]-INFO:选择相机
[2018-06-03 16:55:36,220]-logger.py]-INFO:点击发送
[2018-06-03 20:38:57,613]-logger.py]-INFO:点击登录
[2018-06-03 20:38:58,649]-logger.py]-INFO:点击执法查询
[2018-06-03 20:39:04,857]-logger.py]-INFO:选择客货运车辆
[2018-06-03 20:39:05,127]-logger.py]-INFO:点击车牌下拉框
[2018-06-03 20:39:09,196]-logger.py]-INFO:滑动下拉
[2018-06-03 20:39:09,503]-logger.py]-INFO:点击确定
[2018-06-03 20:39:10,393]-logger.py]-INFO:输入车牌号码
[2018-06-03 20:39:10,978]-logger.py]-INFO:点击查询按钮
[2018-06-03 20:39:15,919]-logger.py]-INFO:点击车辆查询结果
[2018-06-03 20:39:21,633]-logger.py]-INFO:点击业户
[2018-06-03 20:39:28,304]-logger.py]-INFO:向下滑动
[2018-06-03 20:39:29,169]-logger.py]-INFO:向上滑动
[2018-06-03 20:39:30,041]-logger.py]-INFO:点击返回
[2018-06-03 20:39:30,743]-logger.py]-INFO:点击违章 
[2018-06-03 20:39:31,610]-logger.py]-INFO:点击返回主界面
[2018-06-03 20:39:32,125]-logger.py]-INFO:点击拍照
[2018-06-03 20:39:35,024]-logger.py]-INFO:手机返回键
[2018-06-03 20:39:53,520]-logger.py]-INFO:点击登录
[2018-06-03 20:39:54,401]-logger.py]-INFO:点击执法查询
[2018-06-03 20:39:58,404]-logger.py]-INFO:点击从业人员
[2018-06-03 20:40:01,127]-logger.py]-INFO:选择业户类别
[2018-06-03 20:40:02,129]-logger.py]-INFO:输入业户名称
[2018-06-03 20:40:02,773]-logger.py]-INFO:点击查询按钮
[2018-06-03 20:40:03,982]-logger.py]-INFO:点击车辆查询结果
[2018-06-03 20:40:10,471]-logger.py]-INFO:向下滑动
[2018-06-03 20:40:11,634]-logger.py]-INFO:点击业户
[2018-06-03 20:40:13,902]-logger.py]-INFO:点击返回
[2018-06-03 20:40:16,440]-logger.py]-INFO:点击业户
[2018-06-03 20:40:19,013]-logger.py]-INFO:点击返回主界面
[2018-06-03 20:40:38,855]-logger.py]-INFO:点击登录
[2018-06-03 20:40:39,851]-logger.py]-INFO:点击执法查询
[2018-06-03 20:40:43,916]-logger.py]-INFO:点击业户
[2018-06-03 20:40:46,825]-logger.py]-INFO:选择业户类别
[2018-06-03 20:40:47,322]-logger.py]-INFO:输入业户名称
[2018-06-03 20:40:47,807]-logger.py]-INFO:点击查询按钮
[2018-06-03 20:41:14,505]-logger.py]-INFO:滑动操作
[2018-06-03 20:41:16,956]-logger.py]-INFO:点击车辆查询结果
[2018-06-03 20:41:17,222]-logger.py]-INFO:点击返回
[2018-06-03 20:41:20,030]-logger.py]-INFO:点击车辆查询结果
[2018-06-03 20:41:22,514]-logger.py]-INFO:点击返回主界面
[2018-06-03 20:41:42,504]-logger.py]-INFO:点击登录
[2018-06-03 20:41:45,974]-logger.py]-INFO:点击GPS查询
[2018-06-03 20:41:50,065]-logger.py]-INFO:点击区域车辆
[2018-06-03 20:41:50,706]-logger.py]-INFO:选择客货运车辆
[2018-06-03 20:41:58,808]-logger.py]-INFO:选择半径800
[2018-06-03 20:42:02,108]-logger.py]-INFO:点击确定
[2018-06-03 20:42:02,468]-logger.py]-INFO:点击查目标位置
[2018-06-03 20:42:34,941]-logger.py]-INFO:向下滑动
[2018-06-03 20:42:41,098]-logger.py]-INFO:使用正则匹配粤E
[2018-06-03 20:42:44,390]-logger.py]-INFO:向下滑动
[2018-06-03 20:42:45,267]-logger.py]-INFO:点击业户
[2018-06-03 20:42:50,595]-logger.py]-INFO:点击返回
[2018-06-03 20:42:51,385]-logger.py]-INFO:点击违章 
[2018-06-03 20:48:42,528]-logger.py]-INFO:点击登录
[2018-06-03 20:48:44,203]-logger.py]-INFO:点击执法查询
[2018-06-03 20:49:38,677]-logger.py]-INFO:点击登录
[2018-06-03 20:49:39,614]-logger.py]-INFO:点击执法查询
[2018-06-03 20:49:46,414]-logger.py]-INFO:选择客货运车辆
[2018-06-03 20:49:46,819]-logger.py]-INFO:点击车牌下拉框
[2018-06-03 20:49:51,096]-logger.py]-INFO:滑动下拉
[2018-06-03 20:49:51,381]-logger.py]-INFO:点击确定
[2018-06-03 20:49:52,211]-logger.py]-INFO:输入车牌号码
[2018-06-03 20:49:52,802]-logger.py]-INFO:点击查询按钮
[2018-06-03 20:49:57,692]-logger.py]-INFO:点击车辆查询结果
[2018-06-03 20:50:03,347]-logger.py]-INFO:点击业户
[2018-06-03 20:50:10,120]-logger.py]-INFO:向下滑动
[2018-06-03 20:50:11,117]-logger.py]-INFO:向上滑动
[2018-06-03 20:50:12,004]-logger.py]-INFO:点击返回
[2018-06-03 20:50:12,627]-logger.py]-INFO:点击违章 
[2018-06-03 20:50:13,489]-logger.py]-INFO:点击返回主界面
[2018-06-03 20:50:13,880]-logger.py]-INFO:点击拍照
[2018-06-03 20:50:16,528]-logger.py]-INFO:手机返回键
[2018-06-03 20:50:34,146]-logger.py]-INFO:点击登录
[2018-06-03 20:50:35,153]-logger.py]-INFO:点击执法查询
[2018-06-03 20:50:39,208]-logger.py]-INFO:点击从业人员
[2018-06-03 20:50:41,936]-logger.py]-INFO:选择业户类别
[2018-06-03 20:50:42,989]-logger.py]-INFO:输入业户名称
[2018-06-03 20:50:43,461]-logger.py]-INFO:点击查询按钮
[2018-06-03 20:50:44,746]-logger.py]-INFO:点击车辆查询结果
[2018-06-03 20:50:51,217]-logger.py]-INFO:向下滑动
[2018-06-03 20:50:52,332]-logger.py]-INFO:点击业户
[2018-06-03 20:50:54,643]-logger.py]-INFO:点击返回
[2018-06-03 20:50:57,201]-logger.py]-INFO:点击业户
[2018-06-03 20:50:59,744]-logger.py]-INFO:点击返回主界面
[2018-06-03 20:51:18,514]-logger.py]-INFO:点击登录
[2018-06-03 20:51:19,458]-logger.py]-INFO:点击执法查询
[2018-06-03 20:51:23,974]-logger.py]-INFO:点击业户
[2018-06-03 20:51:26,851]-logger.py]-INFO:选择业户类别
[2018-06-03 20:51:27,331]-logger.py]-INFO:输入业户名称
[2018-06-03 20:51:27,812]-logger.py]-INFO:点击查询按钮
[2018-06-03 20:51:57,150]-logger.py]-INFO:滑动操作
[2018-06-03 20:51:58,462]-logger.py]-INFO:点击车辆查询结果
[2018-06-03 20:51:58,729]-logger.py]-INFO:点击返回
[2018-06-03 20:52:01,431]-logger.py]-INFO:点击车辆查询结果
[2018-06-03 20:52:04,016]-logger.py]-INFO:点击返回主界面
[2018-06-03 20:52:22,730]-logger.py]-INFO:点击登录
[2018-06-03 20:52:26,166]-logger.py]-INFO:点击GPS查询
[2018-06-03 20:52:30,090]-logger.py]-INFO:点击区域车辆
[2018-06-03 20:52:30,697]-logger.py]-INFO:选择客货运车辆
[2018-06-03 20:52:38,884]-logger.py]-INFO:选择半径800
[2018-06-03 20:52:42,204]-logger.py]-INFO:点击确定
[2018-06-03 20:52:42,530]-logger.py]-INFO:点击查目标位置
[2018-06-03 20:53:16,621]-logger.py]-INFO:向下滑动
[2018-06-03 20:53:23,226]-logger.py]-INFO:使用正则匹配粤E
[2018-06-03 20:53:26,634]-logger.py]-INFO:向下滑动
[2018-06-03 20:53:27,539]-logger.py]-INFO:点击业户
[2018-06-03 20:53:32,866]-logger.py]-INFO:点击返回
[2018-06-03 20:53:33,352]-logger.py]-INFO:点击违章 
[2018-06-03 20:53:34,072]-logger.py]-INFO:点击返回主界面
[2018-06-03 20:53:53,805]-logger.py]-INFO:点击登录
[2018-06-03 20:53:57,297]-logger.py]-INFO:点击GPS查询
[2018-06-03 20:54:01,093]-logger.py]-INFO:点击区域车辆
[2018-06-03 20:54:04,001]-logger.py]-INFO:选择出租客运
[2018-06-03 20:54:12,194]-logger.py]-INFO:选择半径1500
[2018-06-03 20:54:15,501]-logger.py]-INFO:点击确定
[2018-06-03 20:54:21,585]-logger.py]-INFO:选择大沥汽车客运站
[2018-06-03 20:54:23,874]-logger.py]-INFO:点击确定
[2018-06-03 20:54:24,158]-logger.py]-INFO:点击查目标位置
[2018-06-03 20:54:27,529]-logger.py]-INFO:点击查看车辆列表
[2018-06-03 20:54:34,895]-logger.py]-INFO:使用正则匹配粤E
[2018-06-03 20:54:48,378]-logger.py]-INFO:向下滑动
[2018-06-03 20:54:49,229]-logger.py]-INFO:点击业户
[2018-06-03 20:54:54,553]-logger.py]-INFO:点击返回
[2018-06-03 20:54:55,256]-logger.py]-INFO:点击违章 
[2018-06-03 20:54:55,963]-logger.py]-INFO:点击返回主界面
[2018-06-03 20:55:15,969]-logger.py]-INFO:点击登录
[2018-06-03 20:55:16,827]-logger.py]-INFO:点击GPS查询
[2018-06-03 20:55:21,206]-logger.py]-INFO:选择客货运车辆
[2018-06-03 20:55:24,040]-logger.py]-INFO:选择黄色
[2018-06-03 20:55:28,048]-logger.py]-INFO:点击车牌下拉框
[2018-06-03 20:55:28,276]-logger.py]-INFO:点击确定
[2018-06-03 20:55:29,017]-logger.py]-INFO:输入车牌号码
[2018-06-03 20:55:29,274]-logger.py]-INFO:点击查询位置信息
[2018-06-03 20:55:34,685]-logger.py]-INFO:向下滑动
[2018-06-03 20:55:35,609]-logger.py]-INFO:点击车辆信息
[2018-06-03 20:55:37,017]-logger.py]-INFO:向下滑动
[2018-06-03 20:55:40,885]-logger.py]-INFO:点击业户
[2018-06-03 20:55:46,221]-logger.py]-INFO:点击返回
[2018-06-03 20:55:46,805]-logger.py]-INFO:点击违章 
[2018-06-03 20:55:47,614]-logger.py]-INFO:点击返回主界面
[2018-06-03 20:55:48,156]-logger.py]-INFO:点击拍照
[2018-06-03 20:55:50,760]-logger.py]-INFO:手机返回键
[2018-06-03 20:56:07,505]-logger.py]-INFO:点击登录
[2018-06-03 20:56:08,468]-logger.py]-INFO:点击GPS查询
[2018-06-03 20:56:15,094]-logger.py]-INFO:选择客货运车辆
[2018-06-03 20:56:17,810]-logger.py]-INFO:选择黄色
[2018-06-03 20:56:21,910]-logger.py]-INFO:点击车牌下拉框
[2018-06-03 20:56:22,167]-logger.py]-INFO:点击确定
[2018-06-03 20:56:22,868]-logger.py]-INFO:输入车牌号码
[2018-06-03 20:56:23,123]-logger.py]-INFO:点击查询位置图
[2018-06-03 20:56:27,233]-logger.py]-INFO:点击详情信息
[2018-06-03 20:56:30,500]-logger.py]-INFO:点击车辆信息
[2018-06-03 20:56:47,476]-logger.py]-INFO:点击登录
[2018-06-03 20:56:50,886]-logger.py]-INFO:点击信息报送
[2018-06-03 20:56:56,399]-logger.py]-INFO:切换到webview
[2018-06-03 20:56:56,920]-logger.py]-INFO:点击添加联系人按钮
[2018-06-03 20:57:00,198]-logger.py]-INFO:选择执法一大队
[2018-06-03 20:57:02,490]-logger.py]-INFO:点击添加按钮
[2018-06-03 20:57:05,492]-logger.py]-INFO:随机读取文件中的某一行内容
[2018-06-03 20:57:06,337]-logger.py]-INFO:输入标题
[2018-06-03 20:57:11,665]-logger.py]-INFO:输入正文内容
[2018-06-03 20:57:14,960]-logger.py]-INFO:点击附件-图片
[2018-06-03 20:57:19,608]-logger.py]-INFO:选择文件
[2018-06-03 20:57:24,914]-logger.py]-INFO:点击图库
[2018-06-03 20:57:28,495]-logger.py]-INFO:选择图片
[2018-06-03 20:57:47,237]-logger.py]-INFO:切换到webview
[2018-06-03 20:57:47,558]-logger.py]-INFO:点击附件-图片
[2018-06-03 20:57:48,700]-logger.py]-INFO:选择相机
[2018-06-03 20:57:54,641]-logger.py]-INFO:点击发送
[2018-06-03 20:58:20,187]-logger.py]-INFO:点击登录
[2018-06-03 20:58:21,273]-logger.py]-INFO:点击执法查询
[2018-06-03 20:58:27,732]-logger.py]-INFO:选择客货运车辆
[2018-06-03 20:58:28,003]-logger.py]-INFO:点击车牌下拉框
[2018-06-03 20:58:31,855]-logger.py]-INFO:滑动下拉
[2018-06-03 20:58:32,153]-logger.py]-INFO:点击确定
[2018-06-03 20:58:32,889]-logger.py]-INFO:输入车牌号码
[2018-06-03 20:58:33,374]-logger.py]-INFO:点击查询按钮
[2018-06-03 20:58:38,169]-logger.py]-INFO:点击车辆查询结果
[2018-06-03 20:58:43,880]-logger.py]-INFO:点击业户
[2018-06-03 20:58:50,451]-logger.py]-INFO:向下滑动
[2018-06-03 20:58:51,335]-logger.py]-INFO:向上滑动
[2018-06-03 20:58:52,294]-logger.py]-INFO:点击返回
[2018-06-03 20:58:52,811]-logger.py]-INFO:点击违章 
[2018-06-03 20:58:53,628]-logger.py]-INFO:点击返回主界面
[2018-06-03 20:58:54,166]-logger.py]-INFO:点击拍照
[2018-06-03 20:58:56,755]-logger.py]-INFO:手机返回键
[2018-06-03 20:59:13,625]-logger.py]-INFO:点击登录
[2018-06-03 20:59:14,458]-logger.py]-INFO:点击执法查询
[2018-06-03 20:59:18,596]-logger.py]-INFO:点击从业人员
[2018-06-03 20:59:21,300]-logger.py]-INFO:选择业户类别
[2018-06-03 20:59:22,074]-logger.py]-INFO:输入业户名称
[2018-06-03 20:59:22,618]-logger.py]-INFO:点击查询按钮
[2018-06-03 20:59:23,834]-logger.py]-INFO:点击车辆查询结果
[2018-06-03 20:59:30,336]-logger.py]-INFO:向下滑动
[2018-06-03 20:59:31,477]-logger.py]-INFO:点击业户
[2018-06-03 20:59:33,821]-logger.py]-INFO:点击返回
[2018-06-03 20:59:36,649]-logger.py]-INFO:点击业户
[2018-06-03 20:59:39,188]-logger.py]-INFO:点击返回主界面
[2018-06-03 20:59:57,968]-logger.py]-INFO:点击登录
[2018-06-03 20:59:58,883]-logger.py]-INFO:点击执法查询
[2018-06-03 21:00:02,864]-logger.py]-INFO:点击业户
[2018-06-03 21:00:05,746]-logger.py]-INFO:选择业户类别
[2018-06-03 21:00:06,236]-logger.py]-INFO:输入业户名称
[2018-06-03 21:00:06,710]-logger.py]-INFO:点击查询按钮
[2018-06-03 21:00:33,435]-logger.py]-INFO:滑动操作
[2018-06-03 21:00:34,660]-logger.py]-INFO:点击车辆查询结果
[2018-06-03 21:00:34,985]-logger.py]-INFO:点击返回
[2018-06-03 21:00:37,682]-logger.py]-INFO:点击车辆查询结果
[2018-06-03 21:00:40,197]-logger.py]-INFO:点击返回主界面
[2018-06-03 21:00:58,665]-logger.py]-INFO:点击登录
[2018-06-03 21:01:02,200]-logger.py]-INFO:点击GPS查询
[2018-06-03 21:01:06,109]-logger.py]-INFO:点击区域车辆
[2018-06-03 21:01:06,720]-logger.py]-INFO:选择客货运车辆
[2018-06-03 21:01:14,937]-logger.py]-INFO:选择半径800
[2018-06-03 21:01:18,249]-logger.py]-INFO:点击确定
[2018-06-03 21:01:18,702]-logger.py]-INFO:点击查目标位置
[2018-06-03 21:01:52,825]-logger.py]-INFO:向下滑动
[2018-06-03 21:01:59,760]-logger.py]-INFO:使用正则匹配粤E
[2018-06-03 21:02:04,019]-logger.py]-INFO:向下滑动
[2018-06-03 21:05:02,011]-logger.py]-INFO:点击登录
[2018-06-03 21:05:03,095]-logger.py]-INFO:点击执法查询
[2018-06-03 21:05:09,509]-logger.py]-INFO:选择客货运车辆
[2018-06-03 21:05:09,735]-logger.py]-INFO:点击车牌下拉框
[2018-06-03 21:05:13,665]-logger.py]-INFO:滑动下拉
[2018-06-03 21:05:13,908]-logger.py]-INFO:点击确定
[2018-06-03 21:05:14,588]-logger.py]-INFO:输入车牌号码
[2018-06-03 21:05:15,049]-logger.py]-INFO:点击查询按钮
[2018-06-03 21:05:19,798]-logger.py]-INFO:点击车辆查询结果
[2018-06-03 21:05:25,768]-logger.py]-INFO:点击业户
[2018-06-03 21:05:32,170]-logger.py]-INFO:向下滑动
[2018-06-03 21:05:33,001]-logger.py]-INFO:向上滑动
[2018-06-03 21:05:33,877]-logger.py]-INFO:点击返回
[2018-06-03 21:05:34,327]-logger.py]-INFO:点击违章 
[2018-06-03 21:05:35,015]-logger.py]-INFO:点击返回主界面
[2018-06-03 21:05:35,527]-logger.py]-INFO:点击拍照
[2018-06-03 21:05:38,220]-logger.py]-INFO:手机返回键
[2018-06-03 21:05:54,548]-logger.py]-INFO:点击登录
[2018-06-03 21:05:56,026]-logger.py]-INFO:点击执法查询
[2018-06-03 21:06:00,008]-logger.py]-INFO:点击从业人员
[2018-06-03 21:06:02,697]-logger.py]-INFO:选择业户类别
[2018-06-03 21:06:03,659]-logger.py]-INFO:输入业户名称
[2018-06-03 21:06:04,153]-logger.py]-INFO:点击查询按钮
[2018-06-03 21:06:05,260]-logger.py]-INFO:点击车辆查询结果
[2018-06-03 21:06:11,652]-logger.py]-INFO:向下滑动
[2018-06-03 21:06:12,710]-logger.py]-INFO:点击业户
[2018-06-03 21:06:15,017]-logger.py]-INFO:点击返回
[2018-06-03 21:06:17,475]-logger.py]-INFO:点击业户
[2018-06-03 21:06:20,064]-logger.py]-INFO:点击返回主界面
[2018-06-03 21:06:38,939]-logger.py]-INFO:点击登录
[2018-06-03 21:06:39,820]-logger.py]-INFO:点击执法查询
[2018-06-03 21:06:43,752]-logger.py]-INFO:点击业户
[2018-06-03 21:06:46,654]-logger.py]-INFO:选择业户类别
[2018-06-03 21:06:47,157]-logger.py]-INFO:输入业户名称
[2018-06-03 21:06:47,572]-logger.py]-INFO:点击查询按钮
[2018-06-03 21:07:14,602]-logger.py]-INFO:滑动操作
[2018-06-03 21:07:15,899]-logger.py]-INFO:点击车辆查询结果
[2018-06-03 21:07:16,465]-logger.py]-INFO:点击返回
[2018-06-03 21:07:19,126]-logger.py]-INFO:点击车辆查询结果
[2018-06-03 21:07:21,777]-logger.py]-INFO:点击返回主界面
[2018-06-03 21:07:40,525]-logger.py]-INFO:点击登录
[2018-06-03 21:07:43,994]-logger.py]-INFO:点击GPS查询
[2018-06-03 21:07:48,081]-logger.py]-INFO:点击区域车辆
[2018-06-03 21:07:48,703]-logger.py]-INFO:选择客货运车辆
[2018-06-03 21:07:56,705]-logger.py]-INFO:选择半径800
[2018-06-03 21:07:59,983]-logger.py]-INFO:点击确定
[2018-06-03 21:08:00,356]-logger.py]-INFO:点击查目标位置
[2018-06-03 21:08:33,452]-logger.py]-INFO:向下滑动
[2018-06-03 21:08:40,337]-logger.py]-INFO:使用正则匹配粤E
[2018-06-03 21:08:43,620]-logger.py]-INFO:向下滑动
[2018-06-03 21:08:44,469]-logger.py]-INFO:点击业户
[2018-06-03 21:08:49,788]-logger.py]-INFO:点击返回
[2018-06-03 21:08:50,535]-logger.py]-INFO:点击违章 
[2018-06-03 21:08:51,057]-logger.py]-INFO:点击返回主界面
[2018-06-03 21:09:10,508]-logger.py]-INFO:点击登录
[2018-06-03 21:09:13,929]-logger.py]-INFO:点击GPS查询
[2018-06-03 21:09:17,758]-logger.py]-INFO:点击区域车辆
[2018-06-03 21:09:20,665]-logger.py]-INFO:选择出租客运
[2018-06-03 21:09:28,856]-logger.py]-INFO:选择半径1500
[2018-06-03 21:09:32,152]-logger.py]-INFO:点击确定
[2018-06-03 21:09:38,146]-logger.py]-INFO:选择大沥汽车客运站
[2018-06-03 21:09:40,493]-logger.py]-INFO:点击确定
[2018-06-03 21:09:40,828]-logger.py]-INFO:点击查目标位置
[2018-06-03 21:09:43,381]-logger.py]-INFO:点击查看车辆列表
[2018-06-03 21:09:50,817]-logger.py]-INFO:使用正则匹配粤E
[2018-06-03 21:10:04,034]-logger.py]-INFO:向下滑动
[2018-06-03 21:10:04,910]-logger.py]-INFO:点击业户
[2018-06-03 21:10:10,205]-logger.py]-INFO:点击返回
[2018-06-03 21:10:10,916]-logger.py]-INFO:点击违章 
[2018-06-03 21:10:11,468]-logger.py]-INFO:点击返回主界面
[2018-06-03 21:10:30,929]-logger.py]-INFO:点击登录
[2018-06-03 21:10:32,429]-logger.py]-INFO:点击GPS查询
[2018-06-03 21:10:36,777]-logger.py]-INFO:选择客货运车辆
[2018-06-03 21:10:39,573]-logger.py]-INFO:选择黄色
[2018-06-03 21:10:43,535]-logger.py]-INFO:点击车牌下拉框
[2018-06-03 21:10:43,803]-logger.py]-INFO:点击确定
[2018-06-03 21:10:44,386]-logger.py]-INFO:输入车牌号码
[2018-06-03 21:10:44,608]-logger.py]-INFO:点击查询位置信息
[2018-06-03 21:10:50,001]-logger.py]-INFO:向下滑动
[2018-06-03 21:10:50,904]-logger.py]-INFO:点击车辆信息
[2018-06-03 21:10:52,505]-logger.py]-INFO:向下滑动
[2018-06-03 21:10:56,474]-logger.py]-INFO:点击业户
[2018-06-03 21:11:01,765]-logger.py]-INFO:点击返回
[2018-06-03 21:11:02,365]-logger.py]-INFO:点击违章 
[2018-06-03 21:11:02,927]-logger.py]-INFO:点击返回主界面
[2018-06-03 21:11:03,289]-logger.py]-INFO:点击拍照
[2018-06-03 21:11:05,820]-logger.py]-INFO:手机返回键
[2018-06-03 21:11:22,300]-logger.py]-INFO:点击登录
[2018-06-03 21:11:23,166]-logger.py]-INFO:点击GPS查询
[2018-06-03 21:11:29,911]-logger.py]-INFO:选择客货运车辆
[2018-06-03 21:11:32,634]-logger.py]-INFO:选择黄色
[2018-06-03 21:11:36,594]-logger.py]-INFO:点击车牌下拉框
[2018-06-03 21:11:36,853]-logger.py]-INFO:点击确定
[2018-06-03 21:11:37,551]-logger.py]-INFO:输入车牌号码
[2018-06-03 21:11:37,783]-logger.py]-INFO:点击查询位置图
[2018-06-03 21:11:41,602]-logger.py]-INFO:点击详情信息
[2018-06-03 21:11:44,876]-logger.py]-INFO:点击车辆信息
[2018-06-03 21:12:01,941]-logger.py]-INFO:点击登录
[2018-06-03 21:12:05,365]-logger.py]-INFO:点击信息报送
[2018-06-03 21:12:10,876]-logger.py]-INFO:切换到webview
[2018-06-03 21:12:11,280]-logger.py]-INFO:点击添加联系人按钮
[2018-06-03 21:12:14,474]-logger.py]-INFO:选择执法一大队
[2018-06-03 21:12:16,743]-logger.py]-INFO:点击添加按钮
[2018-06-03 21:12:19,745]-logger.py]-INFO:随机读取文件中的某一行内容
[2018-06-03 21:12:21,002]-logger.py]-INFO:输入标题
[2018-06-03 21:12:26,370]-logger.py]-INFO:输入正文内容
[2018-06-03 21:12:29,894]-logger.py]-INFO:点击附件-图片
[2018-06-03 21:12:34,034]-logger.py]-INFO:选择文件
[2018-06-03 21:12:39,500]-logger.py]-INFO:点击图库
[2018-06-03 21:12:43,003]-logger.py]-INFO:选择图片
[2018-06-03 21:13:01,603]-logger.py]-INFO:切换到webview
[2018-06-03 21:13:01,789]-logger.py]-INFO:点击附件-图片
[2018-06-03 21:13:05,574]-logger.py]-INFO:选择相机
[2018-06-03 21:13:11,477]-logger.py]-INFO:点击发送
[2018-06-03 21:23:23,514]-logger.py]-INFO:点击登录
[2018-06-03 21:23:26,836]-logger.py]-INFO:点击信息报送
[2018-06-03 21:23:32,359]-logger.py]-INFO:切换到webview
[2018-06-03 21:23:32,951]-logger.py]-INFO:点击添加联系人按钮
[2018-06-03 21:23:36,179]-logger.py]-INFO:选择执法一大队
[2018-06-03 21:23:38,463]-logger.py]-INFO:点击添加按钮
[2018-06-03 21:23:41,465]-logger.py]-INFO:随机读取文件中的某一行内容
[2018-06-03 21:23:42,229]-logger.py]-INFO:输入标题
[2018-06-03 21:23:47,579]-logger.py]-INFO:输入正文内容
[2018-06-03 21:23:50,883]-logger.py]-INFO:点击附件-图片
[2018-06-03 21:23:54,966]-logger.py]-INFO:选择文件
[2018-06-03 21:24:00,398]-logger.py]-INFO:点击图库
[2018-06-03 21:24:03,907]-logger.py]-INFO:选择图片
[2018-06-03 21:24:22,664]-logger.py]-INFO:切换到webview
[2018-06-03 21:24:22,863]-logger.py]-INFO:点击附件-图片
[2018-06-03 21:24:26,650]-logger.py]-INFO:选择相机
[2018-06-03 21:24:55,281]-logger.py]-INFO:点击登录
[2018-06-03 21:24:58,686]-logger.py]-INFO:点击信息报送
[2018-06-03 21:25:04,170]-logger.py]-INFO:切换到webview
[2018-06-03 21:25:04,520]-logger.py]-INFO:点击添加联系人按钮
[2018-06-03 21:25:07,763]-logger.py]-INFO:选择执法一大队
[2018-06-03 21:25:10,067]-logger.py]-INFO:点击添加按钮
[2018-06-03 21:25:13,071]-logger.py]-INFO:随机读取文件中的某一行内容
[2018-06-03 21:25:13,987]-logger.py]-INFO:输入标题
[2018-06-03 21:25:19,412]-logger.py]-INFO:输入正文内容
[2018-06-03 21:25:22,681]-logger.py]-INFO:点击附件-图片
[2018-06-03 21:25:26,822]-logger.py]-INFO:选择文件
[2018-06-03 21:25:32,305]-logger.py]-INFO:点击图库
[2018-06-03 21:25:35,854]-logger.py]-INFO:选择图片
[2018-06-03 21:26:25,484]-logger.py]-INFO:点击登录
[2018-06-03 21:26:28,932]-logger.py]-INFO:点击信息报送
[2018-06-03 21:26:34,423]-logger.py]-INFO:切换到webview
[2018-06-03 21:26:34,772]-logger.py]-INFO:点击添加联系人按钮
[2018-06-03 21:26:38,005]-logger.py]-INFO:选择执法一大队
[2018-06-03 21:26:40,262]-logger.py]-INFO:点击添加按钮
[2018-06-03 21:26:43,264]-logger.py]-INFO:随机读取文件中的某一行内容
[2018-06-03 21:26:44,420]-logger.py]-INFO:输入标题
[2018-06-03 21:26:49,938]-logger.py]-INFO:输入正文内容
[2018-06-03 21:26:53,324]-logger.py]-INFO:点击附件-图片
[2018-06-03 21:26:57,433]-logger.py]-INFO:选择文件
[2018-06-03 21:27:02,869]-logger.py]-INFO:点击图库
[2018-06-03 21:27:06,418]-logger.py]-INFO:选择图片
[2018-06-03 21:27:25,185]-logger.py]-INFO:切换到webview
[2018-06-03 21:27:25,415]-logger.py]-INFO:点击附件-图片
[2018-06-03 21:27:29,158]-logger.py]-INFO:选择相机
[2018-06-03 21:28:14,991]-logger.py]-INFO:点击登录
[2018-06-03 21:28:18,469]-logger.py]-INFO:点击信息报送
[2018-06-03 21:28:23,958]-logger.py]-INFO:切换到webview
[2018-06-03 21:28:24,330]-logger.py]-INFO:点击添加联系人按钮
[2018-06-03 21:28:27,547]-logger.py]-INFO:选择执法一大队
[2018-06-03 21:28:29,773]-logger.py]-INFO:点击添加按钮
[2018-06-03 21:28:32,774]-logger.py]-INFO:随机读取文件中的某一行内容
[2018-06-03 21:28:33,472]-logger.py]-INFO:输入标题
[2018-06-03 21:28:38,843]-logger.py]-INFO:输入正文内容
[2018-06-03 21:28:42,140]-logger.py]-INFO:点击附件-图片
[2018-06-03 21:28:46,232]-logger.py]-INFO:选择文件
[2018-06-03 21:28:51,626]-logger.py]-INFO:点击图库
[2018-06-03 21:28:55,080]-logger.py]-INFO:选择图片
[2018-06-03 21:29:13,927]-logger.py]-INFO:切换到webview
[2018-06-03 21:29:14,136]-logger.py]-INFO:点击附件-图片
[2018-06-03 21:29:17,981]-logger.py]-INFO:选择相机
[2018-06-03 21:29:56,223]-logger.py]-INFO:点击登录
[2018-06-03 21:29:59,631]-logger.py]-INFO:点击信息报送
[2018-06-03 21:30:05,138]-logger.py]-INFO:切换到webview
[2018-06-03 21:30:05,735]-logger.py]-INFO:点击添加联系人按钮
[2018-06-03 21:30:08,991]-logger.py]-INFO:选择执法一大队
[2018-06-03 21:30:11,305]-logger.py]-INFO:点击添加按钮
[2018-06-03 21:30:14,309]-logger.py]-INFO:随机读取文件中的某一行内容
[2018-06-03 21:30:14,882]-logger.py]-INFO:输入标题
[2018-06-03 21:30:21,316]-logger.py]-INFO:输入正文内容
[2018-06-03 21:30:24,615]-logger.py]-INFO:点击附件-图片
[2018-06-03 21:30:28,754]-logger.py]-INFO:选择文件
[2018-06-03 21:30:34,158]-logger.py]-INFO:点击图库
[2018-06-03 21:30:37,665]-logger.py]-INFO:选择图片
[2018-06-03 21:30:56,459]-logger.py]-INFO:切换到webview
[2018-06-03 21:30:56,668]-logger.py]-INFO:点击附件-图片
[2018-06-03 21:31:00,462]-logger.py]-INFO:选择相机
[2018-06-03 21:32:16,897]-logger.py]-INFO:点击登录
[2018-06-03 21:32:21,396]-logger.py]-INFO:点击信息报送
[2018-06-03 21:32:26,943]-logger.py]-INFO:切换到webview
[2018-06-03 22:20:55,947]-logger.py]-INFO:点击登录
[2018-06-03 22:20:59,281]-logger.py]-INFO:点击信息报送
[2018-06-03 22:21:04,860]-logger.py]-INFO:切换到webview
[2018-06-03 22:21:05,200]-logger.py]-INFO:点击添加联系人按钮
[2018-06-03 22:21:08,448]-logger.py]-INFO:选择执法一大队
[2018-06-03 22:21:10,755]-logger.py]-INFO:点击添加按钮
[2018-06-03 22:21:13,758]-logger.py]-INFO:随机读取文件中的某一行内容
[2018-06-03 22:21:14,678]-logger.py]-INFO:输入标题
[2018-06-03 22:21:21,720]-logger.py]-INFO:输入正文内容
[2018-06-03 22:21:25,096]-logger.py]-INFO:点击附件-图片
[2018-06-03 22:21:29,455]-logger.py]-INFO:选择文件
[2018-06-03 22:21:34,873]-logger.py]-INFO:点击图库
[2018-06-03 22:21:38,427]-logger.py]-INFO:选择图片
[2018-06-03 22:21:57,150]-logger.py]-INFO:切换到webview
[2018-06-03 22:21:57,343]-logger.py]-INFO:点击附件-图片
[2018-06-03 22:22:01,130]-logger.py]-INFO:选择相机
[2018-06-03 22:23:23,485]-logger.py]-INFO:点击登录
[2018-06-03 22:23:27,075]-logger.py]-INFO:点击信息报送
[2018-06-03 22:23:32,532]-logger.py]-INFO:切换到webview
[2018-06-03 22:23:33,087]-logger.py]-INFO:点击添加联系人按钮
[2018-06-03 22:23:36,339]-logger.py]-INFO:选择执法一大队
[2018-06-03 22:23:38,576]-logger.py]-INFO:点击添加按钮
[2018-06-03 22:23:41,577]-logger.py]-INFO:随机读取文件中的某一行内容
[2018-06-03 22:23:42,591]-logger.py]-INFO:输入标题
[2018-06-03 22:23:48,764]-logger.py]-INFO:输入正文内容
[2018-06-03 22:23:52,057]-logger.py]-INFO:点击附件-图片
[2018-06-03 22:23:56,210]-logger.py]-INFO:选择文件
[2018-06-03 22:24:01,629]-logger.py]-INFO:点击图库
[2018-06-03 22:24:05,101]-logger.py]-INFO:选择图片
[2018-06-03 22:24:24,031]-logger.py]-INFO:切换到webview
[2018-06-03 22:24:24,210]-logger.py]-INFO:点击附件-图片
[2018-06-03 22:24:25,415]-logger.py]-INFO:选择相机
[2018-06-03 22:50:30,129]-logger.py]-INFO:点击登录
[2018-06-03 22:50:33,537]-logger.py]-INFO:点击信息报送
[2018-06-03 22:50:39,021]-logger.py]-INFO:切换到webview
[2018-06-03 22:50:39,649]-logger.py]-INFO:点击添加联系人按钮
[2018-06-03 22:50:42,893]-logger.py]-INFO:选择执法一大队
[2018-06-03 22:50:45,249]-logger.py]-INFO:点击添加按钮
[2018-06-03 22:50:48,252]-logger.py]-INFO:随机读取文件中的某一行内容
[2018-06-03 22:50:49,191]-logger.py]-INFO:输入标题
[2018-06-03 22:50:54,674]-logger.py]-INFO:输入正文内容
[2018-06-03 22:50:58,069]-logger.py]-INFO:点击附件-图片
[2018-06-03 22:51:02,150]-logger.py]-INFO:选择文件
[2018-06-03 22:51:07,562]-logger.py]-INFO:点击图库
[2018-06-03 22:51:11,107]-logger.py]-INFO:选择图片
[2018-06-03 22:51:29,876]-logger.py]-INFO:切换到webview
[2018-06-03 22:51:30,066]-logger.py]-INFO:点击附件-图片
[2018-06-03 22:51:31,155]-logger.py]-INFO:选择相机
[2018-06-03 22:55:31,522]-logger.py]-INFO:点击登录
[2018-06-03 22:55:35,088]-logger.py]-INFO:点击信息报送
[2018-06-03 22:55:40,641]-logger.py]-INFO:切换到webview
[2018-06-03 22:55:40,949]-logger.py]-INFO:点击添加联系人按钮
[2018-06-03 22:55:44,214]-logger.py]-INFO:选择执法一大队
[2018-06-03 22:55:46,465]-logger.py]-INFO:点击添加按钮
[2018-06-03 22:55:49,469]-logger.py]-INFO:随机读取文件中的某一行内容
[2018-06-03 22:55:50,278]-logger.py]-INFO:输入标题
[2018-06-03 22:55:56,940]-logger.py]-INFO:输入正文内容
[2018-06-03 22:56:00,321]-logger.py]-INFO:点击附件-图片
[2018-06-03 22:56:04,377]-logger.py]-INFO:选择文件
[2018-06-03 22:56:09,788]-logger.py]-INFO:点击图库
[2018-06-03 22:56:13,349]-logger.py]-INFO:选择图片
[2018-06-03 22:56:32,127]-logger.py]-INFO:切换到webview
[2018-06-03 22:56:32,342]-logger.py]-INFO:点击附件-图片
[2018-06-03 22:56:36,126]-logger.py]-INFO:选择相机
[2018-06-03 22:59:06,120]-logger.py]-INFO:点击登录
[2018-06-03 22:59:09,506]-logger.py]-INFO:点击信息报送
[2018-06-03 22:59:14,900]-logger.py]-INFO:切换到webview
[2018-06-03 22:59:15,233]-logger.py]-INFO:点击添加联系人按钮
[2018-06-03 22:59:18,448]-logger.py]-INFO:选择执法一大队
[2018-06-03 22:59:20,764]-logger.py]-INFO:点击添加按钮
[2018-06-03 22:59:23,767]-logger.py]-INFO:随机读取文件中的某一行内容
[2018-06-03 22:59:24,629]-logger.py]-INFO:输入标题
[2018-06-03 22:59:30,865]-logger.py]-INFO:输入正文内容
[2018-06-03 22:59:34,264]-logger.py]-INFO:点击附件-图片
[2018-06-03 22:59:38,395]-logger.py]-INFO:选择文件
[2018-06-03 22:59:43,929]-logger.py]-INFO:点击图库
[2018-06-03 22:59:47,444]-logger.py]-INFO:选择图片
[2018-06-03 23:00:06,208]-logger.py]-INFO:切换到webview
[2018-06-03 23:00:06,392]-logger.py]-INFO:点击附件-图片
[2018-06-03 23:00:10,177]-logger.py]-INFO:选择相机
[2018-06-03 23:00:16,095]-logger.py]-INFO:点击发送
[2018-06-03 23:01:13,204]-logger.py]-INFO:点击登录
[2018-06-03 23:01:16,596]-logger.py]-INFO:点击信息报送
[2018-06-03 23:01:21,984]-logger.py]-INFO:切换到webview
[2018-06-03 23:01:22,589]-logger.py]-INFO:点击添加联系人按钮
[2018-06-03 23:01:25,851]-logger.py]-INFO:选择执法一大队
[2018-06-03 23:01:28,107]-logger.py]-INFO:点击添加按钮
[2018-06-03 23:01:31,109]-logger.py]-INFO:随机读取文件中的某一行内容
[2018-06-03 23:01:31,931]-logger.py]-INFO:输入标题
[2018-06-03 23:01:37,411]-logger.py]-INFO:输入正文内容
[2018-06-03 23:01:40,668]-logger.py]-INFO:点击附件-图片
[2018-06-03 23:01:44,715]-logger.py]-INFO:选择文件
[2018-06-03 23:01:50,147]-logger.py]-INFO:点击图库
[2018-06-03 23:01:53,706]-logger.py]-INFO:选择图片
[2018-06-03 23:02:12,436]-logger.py]-INFO:切换到webview
[2018-06-03 23:02:12,664]-logger.py]-INFO:点击附件-图片
[2018-06-03 23:02:16,487]-logger.py]-INFO:选择相机
[2018-06-03 23:02:22,398]-logger.py]-INFO:点击发送
