[2018-05-28 21:02:53,386]-logger.py]-INFO:测试开始
[2018-05-28 21:02:53,386]-logger.py]-INFO:要
[2018-05-28 21:02:53,387]-logger.py]-WARNING:结束
[2018-05-28 21:05:54,998]-logger.py]-INFO:点击登录
[2018-05-28 21:07:36,326]-logger.py]-INFO:点击登录
[2018-05-28 21:07:37,354]-logger.py]-INFO:点击执法查询
[2018-05-28 21:07:42,867]-logger.py]-INFO:选择客货运车辆
[2018-05-28 21:07:43,127]-logger.py]-INFO:点击车牌下拉框
[2018-05-28 21:20:50,239]-logger.py]-INFO:点击登录
[2018-05-28 21:20:51,022]-logger.py]-INFO:点击执法查询
[2018-05-28 21:20:56,505]-logger.py]-INFO:选择客货运车辆
[2018-05-28 21:20:56,781]-logger.py]-INFO:点击车牌下拉框
[2018-05-28 21:20:58,248]-logger.py]-INFO:滑动下拉
[2018-05-28 21:20:58,492]-logger.py]-INFO:点击确定
[2018-05-28 21:20:59,216]-logger.py]-INFO:输入车牌号码
[2018-05-28 21:20:59,813]-logger.py]-INFO:点击查询按钮
[2018-05-28 21:23:08,761]-logger.py]-INFO:点击登录
[2018-05-28 21:23:09,678]-logger.py]-INFO:点击执法查询
[2018-05-28 21:23:15,309]-logger.py]-INFO:选择客货运车辆
[2018-05-28 21:23:15,552]-logger.py]-INFO:点击车牌下拉框
[2018-05-28 21:23:20,949]-logger.py]-INFO:滑动下拉
[2018-05-28 21:23:21,268]-logger.py]-INFO:点击确定
[2018-05-28 21:23:22,225]-logger.py]-INFO:输入车牌号码
[2018-05-28 21:23:22,728]-logger.py]-INFO:点击查询按钮
[2018-05-28 21:23:27,829]-logger.py]-INFO:点击车辆查询结果
[2018-05-28 21:23:31,481]-logger.py]-INFO:点击业户
[2018-05-28 21:23:37,968]-logger.py]-INFO:向下滑动
[2018-05-28 21:23:38,771]-logger.py]-INFO:向上滑动
[2018-05-28 21:23:39,609]-logger.py]-INFO:点击返回
[2018-05-28 21:23:40,224]-logger.py]-INFO:点击违章 
[2018-05-28 21:23:40,977]-logger.py]-INFO:点击返回主界面
[2018-05-28 21:23:41,550]-logger.py]-INFO:点击拍照
[2018-05-28 21:23:43,576]-logger.py]-INFO:手机返回键
[2018-05-28 21:24:00,829]-logger.py]-INFO:点击登录
[2018-05-28 21:24:42,898]-logger.py]-INFO:点击登录
[2018-05-28 21:24:43,796]-logger.py]-INFO:点击执法查询
[2018-05-28 21:24:49,337]-logger.py]-INFO:选择客货运车辆
[2018-05-28 21:24:49,585]-logger.py]-INFO:点击车牌下拉框
[2018-05-28 21:24:55,337]-logger.py]-INFO:滑动下拉
[2018-05-28 21:24:55,580]-logger.py]-INFO:点击确定
[2018-05-28 21:24:56,583]-logger.py]-INFO:输入车牌号码
[2018-05-28 21:24:57,087]-logger.py]-INFO:点击查询按钮
[2018-05-28 21:25:01,898]-logger.py]-INFO:点击车辆查询结果
[2018-05-28 21:25:05,516]-logger.py]-INFO:点击业户
[2018-05-28 21:25:12,143]-logger.py]-INFO:向下滑动
[2018-05-28 21:25:12,874]-logger.py]-INFO:向上滑动
[2018-05-28 21:25:13,797]-logger.py]-INFO:点击返回
[2018-05-28 21:25:14,431]-logger.py]-INFO:点击违章 
[2018-05-28 21:25:15,010]-logger.py]-INFO:点击返回主界面
[2018-05-28 21:25:15,503]-logger.py]-INFO:点击拍照
[2018-05-28 21:25:17,579]-logger.py]-INFO:手机返回键
[2018-05-28 21:25:41,635]-logger.py]-INFO:点击登录
[2018-05-28 21:25:42,753]-logger.py]-INFO:点击执法查询
[2018-05-28 21:25:47,151]-logger.py]-INFO:点击从业人员
[2018-05-28 21:25:48,847]-logger.py]-INFO:选择业户类别
[2018-05-28 21:25:49,903]-logger.py]-INFO:输入业户名称
[2018-05-28 21:25:50,470]-logger.py]-INFO:点击查询按钮
[2018-05-28 21:25:51,972]-logger.py]-INFO:点击车辆查询结果
[2018-05-28 21:25:58,374]-logger.py]-INFO:向下滑动
[2018-05-28 21:25:59,472]-logger.py]-INFO:点击业户
[2018-05-28 21:26:01,775]-logger.py]-INFO:点击返回
[2018-05-28 21:26:04,245]-logger.py]-INFO:点击业户
[2018-05-28 21:26:07,176]-logger.py]-INFO:点击返回主界面
[2018-05-28 21:26:32,435]-logger.py]-INFO:点击登录
[2018-05-28 21:26:33,379]-logger.py]-INFO:点击执法查询
[2018-05-28 21:26:37,561]-logger.py]-INFO:点击业户
[2018-05-28 21:26:39,505]-logger.py]-INFO:选择业户类别
[2018-05-28 21:26:40,004]-logger.py]-INFO:输入业户名称
[2018-05-28 21:26:40,490]-logger.py]-INFO:点击查询按钮
[2018-05-28 21:27:10,727]-logger.py]-INFO:滑动操作
[2018-05-28 21:27:12,091]-logger.py]-INFO:点击车辆查询结果
[2018-05-28 21:27:12,406]-logger.py]-INFO:点击返回
[2018-05-28 21:27:14,992]-logger.py]-INFO:点击车辆查询结果
[2018-05-28 21:27:17,547]-logger.py]-INFO:点击返回主界面
[2018-05-28 21:27:41,794]-logger.py]-INFO:点击登录
[2018-05-28 21:27:42,954]-logger.py]-INFO:点击执法查询
[2018-05-28 21:27:48,709]-logger.py]-INFO:选择客货运车辆
[2018-05-28 21:27:48,947]-logger.py]-INFO:点击车牌下拉框
[2018-05-28 21:27:54,735]-logger.py]-INFO:滑动下拉
[2018-05-28 21:27:55,040]-logger.py]-INFO:点击确定
[2018-05-28 21:27:55,890]-logger.py]-INFO:输入车牌号码
[2018-05-28 21:27:56,418]-logger.py]-INFO:点击查询按钮
[2018-05-28 21:28:01,422]-logger.py]-INFO:点击车辆查询结果
[2018-05-28 21:28:05,161]-logger.py]-INFO:点击业户
[2018-05-28 21:28:11,668]-logger.py]-INFO:向下滑动
[2018-05-28 21:28:12,648]-logger.py]-INFO:向上滑动
[2018-05-28 21:28:13,516]-logger.py]-INFO:点击返回
[2018-05-28 21:28:14,077]-logger.py]-INFO:点击违章 
[2018-05-28 21:28:14,906]-logger.py]-INFO:点击返回主界面
[2018-05-28 21:28:15,316]-logger.py]-INFO:点击拍照
[2018-05-28 21:28:17,371]-logger.py]-INFO:手机返回键
[2018-05-28 21:28:35,200]-logger.py]-INFO:点击登录
[2018-05-28 21:28:36,194]-logger.py]-INFO:点击执法查询
[2018-05-28 21:28:39,987]-logger.py]-INFO:点击从业人员
[2018-05-28 21:28:41,677]-logger.py]-INFO:选择业户类别
[2018-05-28 21:28:42,756]-logger.py]-INFO:输入业户名称
[2018-05-28 21:28:43,740]-logger.py]-INFO:点击查询按钮
[2018-05-28 21:28:44,690]-logger.py]-INFO:点击车辆查询结果
[2018-05-28 21:28:51,133]-logger.py]-INFO:向下滑动
[2018-05-28 21:28:52,197]-logger.py]-INFO:点击业户
[2018-05-28 21:28:54,496]-logger.py]-INFO:点击返回
[2018-05-28 21:28:57,079]-logger.py]-INFO:点击业户
[2018-05-28 21:28:59,619]-logger.py]-INFO:点击返回主界面
[2018-05-28 21:29:19,218]-logger.py]-INFO:点击登录
[2018-05-28 21:29:20,106]-logger.py]-INFO:点击执法查询
[2018-05-28 21:29:24,186]-logger.py]-INFO:点击业户
[2018-05-28 21:29:26,062]-logger.py]-INFO:选择业户类别
[2018-05-28 21:29:26,708]-logger.py]-INFO:输入业户名称
[2018-05-28 21:29:27,234]-logger.py]-INFO:点击查询按钮
[2018-05-28 21:30:00,303]-logger.py]-INFO:滑动操作
[2018-05-28 21:30:01,623]-logger.py]-INFO:点击车辆查询结果
[2018-05-28 21:30:02,161]-logger.py]-INFO:点击返回
[2018-05-28 21:30:04,817]-logger.py]-INFO:点击车辆查询结果
[2018-05-28 21:30:07,481]-logger.py]-INFO:点击返回主界面
[2018-05-28 21:35:20,344]-logger.py]-INFO:点击登录
[2018-05-28 21:35:21,203]-logger.py]-INFO:点击执法查询
[2018-05-28 21:35:26,828]-logger.py]-INFO:选择客货运车辆
[2018-05-28 21:35:27,079]-logger.py]-INFO:点击车牌下拉框
[2018-05-28 21:35:31,757]-logger.py]-INFO:滑动下拉
[2018-05-28 21:35:32,012]-logger.py]-INFO:点击确定
[2018-05-28 21:35:32,641]-logger.py]-INFO:输入车牌号码
[2018-05-28 21:35:34,008]-logger.py]-INFO:点击查询按钮
[2018-05-28 21:35:38,956]-logger.py]-INFO:点击车辆查询结果
[2018-05-28 21:35:42,666]-logger.py]-INFO:点击业户
[2018-05-28 21:35:49,305]-logger.py]-INFO:向下滑动
[2018-05-28 21:35:50,054]-logger.py]-INFO:向上滑动
[2018-05-28 21:35:50,938]-logger.py]-INFO:点击返回
[2018-05-28 21:35:51,494]-logger.py]-INFO:点击违章 
[2018-05-28 21:35:52,241]-logger.py]-INFO:点击返回主界面
[2018-05-28 21:35:52,564]-logger.py]-INFO:点击拍照
[2018-05-28 21:35:54,613]-logger.py]-INFO:手机返回键
[2018-05-28 21:36:12,211]-logger.py]-INFO:点击登录
[2018-05-28 21:36:13,104]-logger.py]-INFO:点击执法查询
[2018-05-28 21:36:17,375]-logger.py]-INFO:点击从业人员
[2018-05-28 21:36:19,031]-logger.py]-INFO:选择业户类别
[2018-05-28 21:36:20,106]-logger.py]-INFO:输入业户名称
[2018-05-28 21:36:20,561]-logger.py]-INFO:点击查询按钮
[2018-05-28 21:36:21,869]-logger.py]-INFO:点击车辆查询结果
[2018-05-28 21:36:28,621]-logger.py]-INFO:向下滑动
[2018-05-28 21:36:29,744]-logger.py]-INFO:点击业户
[2018-05-28 21:36:32,011]-logger.py]-INFO:点击返回
[2018-05-28 21:36:34,503]-logger.py]-INFO:点击业户
[2018-05-28 21:36:37,262]-logger.py]-INFO:点击返回主界面
[2018-05-28 21:36:56,595]-logger.py]-INFO:点击登录
[2018-05-28 21:36:57,403]-logger.py]-INFO:点击执法查询
[2018-05-28 21:37:01,760]-logger.py]-INFO:点击业户
[2018-05-28 21:37:03,633]-logger.py]-INFO:选择业户类别
[2018-05-28 21:37:04,197]-logger.py]-INFO:输入业户名称
[2018-05-28 21:37:04,705]-logger.py]-INFO:点击查询按钮
[2018-05-28 21:37:30,259]-logger.py]-INFO:滑动操作
[2018-05-28 21:37:34,539]-logger.py]-INFO:点击车辆查询结果
[2018-05-28 21:37:34,974]-logger.py]-INFO:点击返回
[2018-05-28 21:37:37,676]-logger.py]-INFO:点击车辆查询结果
[2018-05-28 21:37:40,259]-logger.py]-INFO:点击返回主界面
[2018-05-28 21:45:59,904]-logger.py]-INFO:点击登录
[2018-05-28 21:46:00,721]-logger.py]-INFO:点击GPS查询
[2018-05-28 21:46:05,256]-logger.py]-INFO:选择客货运车辆
[2018-05-28 21:51:54,966]-logger.py]-INFO:点击登录
[2018-05-28 21:51:56,012]-logger.py]-INFO:点击GPS查询
[2018-05-28 21:52:00,589]-logger.py]-INFO:选择客货运车辆
[2018-05-28 21:56:41,609]-logger.py]-INFO:点击登录
[2018-05-28 21:56:42,453]-logger.py]-INFO:点击GPS查询
[2018-05-28 21:56:47,151]-logger.py]-INFO:选择客货运车辆
[2018-05-28 21:56:48,972]-logger.py]-INFO:选择蓝色
[2018-05-28 21:56:54,136]-logger.py]-INFO:点击车牌下拉框
[2018-05-28 21:56:54,373]-logger.py]-INFO:点击确定
[2018-05-28 21:59:00,864]-logger.py]-INFO:点击登录
[2018-05-28 21:59:01,738]-logger.py]-INFO:点击GPS查询
[2018-05-28 21:59:06,336]-logger.py]-INFO:选择客货运车辆
[2018-05-28 21:59:08,097]-logger.py]-INFO:选择蓝色
[2018-05-28 22:00:41,963]-logger.py]-INFO:点击登录
[2018-05-28 22:00:42,990]-logger.py]-INFO:点击GPS查询
[2018-05-28 22:00:47,556]-logger.py]-INFO:选择客货运车辆
[2018-05-28 22:00:49,380]-logger.py]-INFO:选择蓝色
[2018-05-28 22:03:57,553]-logger.py]-INFO:点击登录
[2018-05-28 22:03:58,337]-logger.py]-INFO:点击GPS查询
[2018-05-28 22:04:02,671]-logger.py]-INFO:选择客货运车辆
[2018-05-28 22:04:04,459]-logger.py]-INFO:选择蓝色
[2018-05-28 22:07:02,555]-logger.py]-INFO:点击登录
[2018-05-28 22:07:03,592]-logger.py]-INFO:点击GPS查询
[2018-05-28 22:07:07,814]-logger.py]-INFO:选择客货运车辆
[2018-05-28 22:07:09,527]-logger.py]-INFO:选择蓝色
[2018-05-28 22:08:07,360]-logger.py]-INFO:点击登录
[2018-05-28 22:08:08,676]-logger.py]-INFO:点击GPS查询
[2018-05-28 22:08:12,908]-logger.py]-INFO:选择客货运车辆
[2018-05-28 22:08:14,740]-logger.py]-INFO:选择蓝色
[2018-05-28 22:08:18,839]-logger.py]-INFO:点击车牌下拉框
[2018-05-28 22:08:19,087]-logger.py]-INFO:点击确定
[2018-05-28 22:08:19,936]-logger.py]-INFO:输入车牌号码
[2018-05-28 22:08:20,191]-logger.py]-INFO:点击查询位置信息
[2018-05-28 22:08:49,376]-logger.py]-INFO:点击登录
[2018-05-28 22:08:50,297]-logger.py]-INFO:点击GPS查询
[2018-05-28 22:08:54,792]-logger.py]-INFO:选择客货运车辆
[2018-05-28 22:08:56,514]-logger.py]-INFO:选择蓝色
[2018-05-28 22:09:00,438]-logger.py]-INFO:点击车牌下拉框
[2018-05-28 22:09:00,750]-logger.py]-INFO:点击确定
[2018-05-28 22:09:01,417]-logger.py]-INFO:输入车牌号码
[2018-05-28 22:09:01,652]-logger.py]-INFO:点击查询位置信息
[2018-05-28 22:12:58,218]-logger.py]-INFO:点击登录
[2018-05-28 22:12:59,028]-logger.py]-INFO:点击GPS查询
[2018-05-28 22:13:03,630]-logger.py]-INFO:选择客货运车辆
[2018-05-28 22:13:05,367]-logger.py]-INFO:选择黄色
[2018-05-28 22:13:09,435]-logger.py]-INFO:点击车牌下拉框
[2018-05-28 22:13:09,719]-logger.py]-INFO:点击确定
[2018-05-28 22:13:10,442]-logger.py]-INFO:输入车牌号码
[2018-05-28 22:13:10,671]-logger.py]-INFO:点击查询位置信息
[2018-05-28 22:14:10,914]-logger.py]-INFO:点击登录
[2018-05-28 22:14:11,742]-logger.py]-INFO:点击GPS查询
[2018-05-28 22:14:16,097]-logger.py]-INFO:选择客货运车辆
[2018-05-28 22:14:17,875]-logger.py]-INFO:选择黄色
[2018-05-28 22:14:21,879]-logger.py]-INFO:点击车牌下拉框
[2018-05-28 22:14:22,158]-logger.py]-INFO:点击确定
[2018-05-28 22:14:22,917]-logger.py]-INFO:输入车牌号码
[2018-05-28 22:14:23,159]-logger.py]-INFO:点击查询位置信息
[2018-05-28 22:15:57,273]-logger.py]-INFO:点击登录
[2018-05-28 22:15:58,384]-logger.py]-INFO:点击GPS查询
[2018-05-28 22:16:03,046]-logger.py]-INFO:选择客货运车辆
[2018-05-28 22:16:04,845]-logger.py]-INFO:选择黄色
[2018-05-28 22:16:08,673]-logger.py]-INFO:点击车牌下拉框
[2018-05-28 22:16:08,913]-logger.py]-INFO:点击确定
[2018-05-28 22:16:09,637]-logger.py]-INFO:输入车牌号码
[2018-05-28 22:16:09,898]-logger.py]-INFO:点击查询位置信息
[2018-05-28 22:17:42,932]-logger.py]-INFO:点击登录
[2018-05-28 22:17:43,814]-logger.py]-INFO:点击GPS查询
[2018-05-28 22:17:53,856]-logger.py]-INFO:选择客货运车辆
[2018-05-28 22:17:55,679]-logger.py]-INFO:选择黄色
[2018-05-28 22:17:59,648]-logger.py]-INFO:点击车牌下拉框
[2018-05-28 22:17:59,920]-logger.py]-INFO:点击确定
[2018-05-28 22:18:00,818]-logger.py]-INFO:输入车牌号码
[2018-05-28 22:18:01,071]-logger.py]-INFO:点击查询位置信息
[2018-05-28 22:18:06,461]-logger.py]-INFO:向下滑动
[2018-05-28 22:19:40,141]-logger.py]-INFO:点击登录
[2018-05-28 22:19:40,933]-logger.py]-INFO:点击GPS查询
[2018-05-28 22:19:45,355]-logger.py]-INFO:选择客货运车辆
[2018-05-28 22:19:47,148]-logger.py]-INFO:选择黄色
[2018-05-28 22:19:52,469]-logger.py]-INFO:点击车牌下拉框
[2018-05-28 22:19:52,759]-logger.py]-INFO:点击确定
[2018-05-28 22:19:53,537]-logger.py]-INFO:输入车牌号码
[2018-05-28 22:19:53,806]-logger.py]-INFO:点击查询位置信息
[2018-05-28 22:19:59,335]-logger.py]-INFO:向下滑动
[2018-05-28 22:20:00,189]-logger.py]-INFO:点击车辆信息
[2018-05-28 22:20:01,595]-logger.py]-INFO:向下滑动
[2018-05-28 22:20:05,660]-logger.py]-INFO:点击业户
[2018-05-28 22:21:36,962]-logger.py]-INFO:点击登录
[2018-05-28 22:21:37,868]-logger.py]-INFO:点击GPS查询
[2018-05-28 22:21:42,683]-logger.py]-INFO:选择客货运车辆
[2018-05-28 22:21:44,502]-logger.py]-INFO:选择黄色
[2018-05-28 22:21:48,591]-logger.py]-INFO:点击车牌下拉框
[2018-05-28 22:21:48,852]-logger.py]-INFO:点击确定
[2018-05-28 22:21:49,647]-logger.py]-INFO:输入车牌号码
[2018-05-28 22:21:49,874]-logger.py]-INFO:点击查询位置信息
[2018-05-28 22:21:55,307]-logger.py]-INFO:向下滑动
[2018-05-28 22:21:56,149]-logger.py]-INFO:点击车辆信息
[2018-05-28 22:21:57,808]-logger.py]-INFO:向下滑动
[2018-05-28 22:22:01,652]-logger.py]-INFO:点击业户
[2018-05-28 22:22:07,028]-logger.py]-INFO:点击返回
[2018-05-28 22:22:07,523]-logger.py]-INFO:点击违章 
[2018-05-28 22:22:08,542]-logger.py]-INFO:点击返回主界面
[2018-05-28 22:24:43,156]-logger.py]-INFO:点击登录
[2018-05-28 22:24:43,981]-logger.py]-INFO:点击GPS查询
[2018-05-28 22:24:48,360]-logger.py]-INFO:选择客货运车辆
[2018-05-28 22:24:50,074]-logger.py]-INFO:选择黄色
[2018-05-28 22:24:53,938]-logger.py]-INFO:点击车牌下拉框
[2018-05-28 22:24:54,218]-logger.py]-INFO:点击确定
[2018-05-28 22:24:54,931]-logger.py]-INFO:输入车牌号码
[2018-05-28 22:24:55,197]-logger.py]-INFO:点击查询位置信息
[2018-05-28 22:25:00,648]-logger.py]-INFO:向下滑动
[2018-05-28 22:25:01,454]-logger.py]-INFO:点击车辆信息
[2018-05-28 22:25:03,206]-logger.py]-INFO:向下滑动
[2018-05-28 22:25:07,109]-logger.py]-INFO:点击业户
[2018-05-28 22:25:12,408]-logger.py]-INFO:点击返回
[2018-05-28 22:25:13,044]-logger.py]-INFO:点击违章 
[2018-05-28 22:25:13,879]-logger.py]-INFO:点击返回主界面
[2018-05-28 22:25:14,221]-logger.py]-INFO:点击拍照
[2018-05-28 22:25:16,281]-logger.py]-INFO:手机返回键
[2018-05-28 22:31:31,904]-logger.py]-INFO:点击登录
[2018-05-28 22:31:32,902]-logger.py]-INFO:点击GPS查询
[2018-05-28 22:31:37,428]-logger.py]-INFO:选择客货运车辆
[2018-05-28 22:31:39,159]-logger.py]-INFO:选择黄色
[2018-05-28 22:31:43,169]-logger.py]-INFO:点击车牌下拉框
[2018-05-28 22:31:43,424]-logger.py]-INFO:点击确定
[2018-05-28 22:31:44,271]-logger.py]-INFO:输入车牌号码
[2018-05-28 22:31:44,609]-logger.py]-INFO:点击查询位置图
[2018-05-28 22:36:38,012]-logger.py]-INFO:点击登录
[2018-05-28 22:36:39,285]-logger.py]-INFO:点击GPS查询
[2018-05-28 22:36:44,165]-logger.py]-INFO:选择客货运车辆
[2018-05-28 22:36:45,959]-logger.py]-INFO:选择黄色
[2018-05-28 22:36:49,772]-logger.py]-INFO:点击车牌下拉框
[2018-05-28 22:36:50,086]-logger.py]-INFO:点击确定
[2018-05-28 22:36:50,775]-logger.py]-INFO:输入车牌号码
[2018-05-28 22:36:51,033]-logger.py]-INFO:点击查询位置图
[2018-05-28 22:37:39,134]-logger.py]-INFO:点击登录
[2018-05-28 22:37:39,934]-logger.py]-INFO:点击GPS查询
[2018-05-28 22:37:44,617]-logger.py]-INFO:选择客货运车辆
[2018-05-28 22:37:46,352]-logger.py]-INFO:选择黄色
[2018-05-28 22:37:50,340]-logger.py]-INFO:点击车牌下拉框
[2018-05-28 22:37:50,582]-logger.py]-INFO:点击确定
[2018-05-28 22:37:51,323]-logger.py]-INFO:输入车牌号码
[2018-05-28 22:37:51,666]-logger.py]-INFO:点击查询位置图
[2018-05-28 22:41:54,861]-logger.py]-INFO:点击登录
[2018-05-28 22:41:56,428]-logger.py]-INFO:点击GPS查询
[2018-05-28 22:42:20,261]-logger.py]-INFO:点击登录
[2018-05-28 22:42:21,871]-logger.py]-INFO:点击GPS查询
[2018-05-28 22:42:28,938]-logger.py]-INFO:选择客货运车辆
[2018-05-28 22:42:30,730]-logger.py]-INFO:选择黄色
[2018-05-28 22:42:34,572]-logger.py]-INFO:点击车牌下拉框
[2018-05-28 22:42:34,869]-logger.py]-INFO:点击确定
[2018-05-28 22:42:35,652]-logger.py]-INFO:输入车牌号码
[2018-05-28 22:42:35,890]-logger.py]-INFO:点击查询位置图
[2018-05-28 22:43:31,871]-logger.py]-INFO:点击登录
[2018-05-28 22:43:32,780]-logger.py]-INFO:点击GPS查询
[2018-05-28 22:43:38,596]-logger.py]-INFO:选择客货运车辆
[2018-05-28 22:43:40,387]-logger.py]-INFO:选择黄色
[2018-05-28 22:43:45,657]-logger.py]-INFO:点击车牌下拉框
[2018-05-28 22:43:45,938]-logger.py]-INFO:点击确定
[2018-05-28 22:43:46,739]-logger.py]-INFO:输入车牌号码
[2018-05-28 22:43:46,968]-logger.py]-INFO:点击查询位置图
[2018-05-28 22:44:26,916]-logger.py]-INFO:点击登录
[2018-05-28 22:44:28,449]-logger.py]-INFO:点击GPS查询
[2018-05-28 22:44:34,081]-logger.py]-INFO:选择客货运车辆
[2018-05-28 22:44:35,805]-logger.py]-INFO:选择黄色
[2018-05-28 22:44:39,897]-logger.py]-INFO:点击车牌下拉框
[2018-05-28 22:44:40,137]-logger.py]-INFO:点击确定
[2018-05-28 22:44:40,966]-logger.py]-INFO:输入车牌号码
[2018-05-28 22:44:41,215]-logger.py]-INFO:点击查询位置图
[2018-05-28 22:46:41,006]-logger.py]-INFO:点击登录
[2018-05-28 22:46:42,804]-logger.py]-INFO:点击GPS查询
[2018-05-28 22:46:48,722]-logger.py]-INFO:选择客货运车辆
[2018-05-28 22:46:50,486]-logger.py]-INFO:选择黄色
[2018-05-28 22:46:54,538]-logger.py]-INFO:点击车牌下拉框
[2018-05-28 22:46:54,773]-logger.py]-INFO:点击确定
[2018-05-28 22:46:55,600]-logger.py]-INFO:输入车牌号码
[2018-05-28 22:46:55,891]-logger.py]-INFO:点击查询位置图
[2018-05-28 22:52:19,440]-logger.py]-INFO:点击登录
[2018-05-28 22:52:21,242]-logger.py]-INFO:点击GPS查询
[2018-05-28 22:52:27,200]-logger.py]-INFO:选择客货运车辆
[2018-05-28 22:52:28,982]-logger.py]-INFO:选择黄色
[2018-05-28 22:52:32,940]-logger.py]-INFO:点击车牌下拉框
[2018-05-28 22:52:33,181]-logger.py]-INFO:点击确定
[2018-05-28 22:52:33,845]-logger.py]-INFO:输入车牌号码
[2018-05-28 22:52:34,232]-logger.py]-INFO:点击查询位置图
[2018-05-28 22:56:41,049]-logger.py]-INFO:点击登录
[2018-05-28 22:56:42,019]-logger.py]-INFO:点击GPS查询
[2018-05-28 22:56:47,817]-logger.py]-INFO:选择客货运车辆
[2018-05-28 22:56:49,594]-logger.py]-INFO:选择黄色
[2018-05-28 22:56:53,731]-logger.py]-INFO:点击车牌下拉框
[2018-05-28 22:56:53,993]-logger.py]-INFO:点击确定
[2018-05-28 22:56:54,729]-logger.py]-INFO:输入车牌号码
[2018-05-28 22:56:54,962]-logger.py]-INFO:点击查询位置图
[2018-05-28 23:00:08,950]-logger.py]-INFO:点击登录
[2018-05-28 23:00:09,804]-logger.py]-INFO:点击GPS查询
[2018-05-28 23:00:15,566]-logger.py]-INFO:选择客货运车辆
[2018-05-28 23:00:17,311]-logger.py]-INFO:选择黄色
[2018-05-28 23:00:21,236]-logger.py]-INFO:点击车牌下拉框
[2018-05-28 23:00:21,508]-logger.py]-INFO:点击确定
[2018-05-28 23:00:22,227]-logger.py]-INFO:输入车牌号码
[2018-05-28 23:00:22,454]-logger.py]-INFO:点击查询位置图
[2018-05-28 23:03:02,527]-logger.py]-INFO:点击登录
[2018-05-28 23:03:03,768]-logger.py]-INFO:点击GPS查询
[2018-05-28 23:03:09,628]-logger.py]-INFO:选择客货运车辆
[2018-05-28 23:03:11,356]-logger.py]-INFO:选择黄色
[2018-05-28 23:03:15,361]-logger.py]-INFO:点击车牌下拉框
[2018-05-28 23:03:15,633]-logger.py]-INFO:点击确定
[2018-05-28 23:03:16,226]-logger.py]-INFO:输入车牌号码
[2018-05-28 23:03:16,485]-logger.py]-INFO:点击查询位置图
[2018-05-28 23:06:11,588]-logger.py]-INFO:点击登录
[2018-05-28 23:06:12,435]-logger.py]-INFO:点击GPS查询
[2018-05-28 23:06:18,226]-logger.py]-INFO:选择客货运车辆
[2018-05-28 23:06:19,900]-logger.py]-INFO:选择黄色
[2018-05-28 23:06:23,889]-logger.py]-INFO:点击车牌下拉框
[2018-05-28 23:06:24,171]-logger.py]-INFO:点击确定
[2018-05-28 23:06:24,918]-logger.py]-INFO:输入车牌号码
[2018-05-28 23:06:25,162]-logger.py]-INFO:点击查询位置图
[2018-05-28 23:08:44,431]-logger.py]-INFO:点击登录
[2018-05-28 23:08:45,304]-logger.py]-INFO:点击GPS查询
[2018-05-28 23:08:51,152]-logger.py]-INFO:选择客货运车辆
[2018-05-28 23:08:53,016]-logger.py]-INFO:选择黄色
[2018-05-28 23:08:57,071]-logger.py]-INFO:点击车牌下拉框
[2018-05-28 23:08:57,338]-logger.py]-INFO:点击确定
[2018-05-28 23:08:58,074]-logger.py]-INFO:输入车牌号码
[2018-05-28 23:08:58,317]-logger.py]-INFO:点击查询位置图
[2018-05-28 23:09:44,658]-logger.py]-INFO:点击登录
[2018-05-28 23:09:45,814]-logger.py]-INFO:点击GPS查询
[2018-05-28 23:09:51,768]-logger.py]-INFO:选择客货运车辆
[2018-05-28 23:09:53,537]-logger.py]-INFO:选择黄色
[2018-05-28 23:09:57,605]-logger.py]-INFO:点击车牌下拉框
[2018-05-28 23:09:57,889]-logger.py]-INFO:点击确定
[2018-05-28 23:09:58,603]-logger.py]-INFO:输入车牌号码
[2018-05-28 23:09:58,854]-logger.py]-INFO:点击查询位置图
[2018-05-28 23:11:44,000]-logger.py]-INFO:点击登录
[2018-05-28 23:11:44,914]-logger.py]-INFO:点击GPS查询
[2018-05-28 23:11:50,379]-logger.py]-INFO:选择客货运车辆
[2018-05-28 23:11:52,086]-logger.py]-INFO:选择黄色
[2018-05-28 23:11:56,118]-logger.py]-INFO:点击车牌下拉框
[2018-05-28 23:11:56,376]-logger.py]-INFO:点击确定
[2018-05-28 23:11:57,188]-logger.py]-INFO:输入车牌号码
[2018-05-28 23:11:57,411]-logger.py]-INFO:点击查询位置图
[2018-05-28 23:12:36,944]-logger.py]-INFO:点击登录
[2018-05-28 23:12:37,907]-logger.py]-INFO:点击GPS查询
[2018-05-28 23:12:44,201]-logger.py]-INFO:选择客货运车辆
[2018-05-28 23:12:46,030]-logger.py]-INFO:选择黄色
[2018-05-28 23:12:50,065]-logger.py]-INFO:点击车牌下拉框
[2018-05-28 23:12:50,314]-logger.py]-INFO:点击确定
[2018-05-28 23:12:51,003]-logger.py]-INFO:输入车牌号码
[2018-05-28 23:12:51,273]-logger.py]-INFO:点击查询位置图
[2018-05-28 23:14:05,864]-logger.py]-INFO:点击登录
[2018-05-28 23:14:06,816]-logger.py]-INFO:点击GPS查询
[2018-05-28 23:14:12,671]-logger.py]-INFO:选择客货运车辆
[2018-05-28 23:14:14,457]-logger.py]-INFO:选择黄色
[2018-05-28 23:14:18,206]-logger.py]-INFO:点击车牌下拉框
[2018-05-28 23:14:18,510]-logger.py]-INFO:点击确定
[2018-05-28 23:14:19,199]-logger.py]-INFO:输入车牌号码
[2018-05-28 23:14:19,455]-logger.py]-INFO:点击查询位置图
[2018-05-28 23:15:38,849]-logger.py]-INFO:点击登录
[2018-05-28 23:15:39,738]-logger.py]-INFO:点击GPS查询
[2018-05-28 23:15:45,671]-logger.py]-INFO:选择客货运车辆
[2018-05-28 23:15:47,448]-logger.py]-INFO:选择黄色
[2018-05-28 23:15:52,500]-logger.py]-INFO:点击车牌下拉框
[2018-05-28 23:15:52,767]-logger.py]-INFO:点击确定
[2018-05-28 23:15:53,521]-logger.py]-INFO:输入车牌号码
[2018-05-28 23:15:53,730]-logger.py]-INFO:点击查询位置图
[2018-05-28 23:17:35,109]-logger.py]-INFO:点击登录
[2018-05-28 23:17:35,915]-logger.py]-INFO:点击GPS查询
[2018-05-28 23:17:41,904]-logger.py]-INFO:选择客货运车辆
[2018-05-28 23:17:43,914]-logger.py]-INFO:选择黄色
[2018-05-28 23:17:49,059]-logger.py]-INFO:点击车牌下拉框
[2018-05-28 23:17:49,324]-logger.py]-INFO:点击确定
[2018-05-28 23:17:50,058]-logger.py]-INFO:输入车牌号码
[2018-05-28 23:17:50,332]-logger.py]-INFO:点击查询位置图
[2018-05-28 23:25:50,311]-logger.py]-INFO:点击登录
[2018-05-28 23:25:51,265]-logger.py]-INFO:点击GPS查询
[2018-05-28 23:25:56,912]-logger.py]-INFO:选择客货运车辆
[2018-05-28 23:25:58,734]-logger.py]-INFO:选择黄色
[2018-05-28 23:26:02,782]-logger.py]-INFO:点击车牌下拉框
[2018-05-28 23:26:03,029]-logger.py]-INFO:点击确定
[2018-05-28 23:26:03,769]-logger.py]-INFO:输入车牌号码
[2018-05-28 23:26:04,015]-logger.py]-INFO:点击查询位置图
[2018-05-28 23:26:12,551]-logger.py]-INFO:向下滑动
[2018-05-28 23:27:37,853]-logger.py]-INFO:点击登录
[2018-05-28 23:27:38,750]-logger.py]-INFO:点击GPS查询
[2018-05-28 23:27:44,561]-logger.py]-INFO:选择客货运车辆
[2018-05-28 23:27:46,371]-logger.py]-INFO:选择黄色
[2018-05-28 23:27:50,421]-logger.py]-INFO:点击车牌下拉框
[2018-05-28 23:27:50,672]-logger.py]-INFO:点击确定
[2018-05-28 23:27:51,508]-logger.py]-INFO:输入车牌号码
[2018-05-28 23:27:51,773]-logger.py]-INFO:点击查询位置图
[2018-05-28 23:30:10,082]-logger.py]-INFO:点击登录
[2018-05-28 23:30:12,008]-logger.py]-INFO:点击GPS查询
[2018-05-28 23:30:17,787]-logger.py]-INFO:选择客货运车辆
[2018-05-28 23:30:19,503]-logger.py]-INFO:选择黄色
[2018-05-28 23:30:23,420]-logger.py]-INFO:点击车牌下拉框
[2018-05-28 23:30:23,674]-logger.py]-INFO:点击确定
[2018-05-28 23:30:24,479]-logger.py]-INFO:输入车牌号码
[2018-05-28 23:30:24,735]-logger.py]-INFO:点击查询位置图
[2018-05-28 23:31:49,005]-logger.py]-INFO:点击登录
[2018-05-28 23:31:50,004]-logger.py]-INFO:点击GPS查询
[2018-05-28 23:31:55,759]-logger.py]-INFO:选择客货运车辆
[2018-05-28 23:31:57,564]-logger.py]-INFO:选择黄色
[2018-05-28 23:32:01,552]-logger.py]-INFO:点击车牌下拉框
[2018-05-28 23:32:01,842]-logger.py]-INFO:点击确定
[2018-05-28 23:32:02,465]-logger.py]-INFO:输入车牌号码
[2018-05-28 23:32:02,742]-logger.py]-INFO:点击查询位置图
[2018-05-28 23:32:06,017]-logger.py]-INFO:点击详情信息
[2018-05-28 23:35:07,048]-logger.py]-INFO:点击登录
[2018-05-28 23:35:07,917]-logger.py]-INFO:点击GPS查询
[2018-05-28 23:35:13,770]-logger.py]-INFO:选择客货运车辆
[2018-05-28 23:35:15,513]-logger.py]-INFO:选择黄色
[2018-05-28 23:35:20,892]-logger.py]-INFO:点击车牌下拉框
[2018-05-28 23:35:21,167]-logger.py]-INFO:点击确定
[2018-05-28 23:35:21,971]-logger.py]-INFO:输入车牌号码
[2018-05-28 23:35:22,233]-logger.py]-INFO:点击查询位置图
[2018-05-28 23:37:55,595]-logger.py]-INFO:点击登录
[2018-05-28 23:37:56,509]-logger.py]-INFO:点击GPS查询
[2018-05-28 23:38:02,461]-logger.py]-INFO:选择客货运车辆
[2018-05-28 23:38:20,580]-logger.py]-INFO:点击登录
[2018-05-28 23:38:21,524]-logger.py]-INFO:点击GPS查询
[2018-05-28 23:38:27,105]-logger.py]-INFO:选择客货运车辆
[2018-05-28 23:38:28,855]-logger.py]-INFO:选择黄色
[2018-05-28 23:38:32,865]-logger.py]-INFO:点击车牌下拉框
[2018-05-28 23:38:33,140]-logger.py]-INFO:点击确定
[2018-05-28 23:38:33,986]-logger.py]-INFO:输入车牌号码
[2018-05-28 23:38:34,256]-logger.py]-INFO:点击查询位置图
[2018-05-28 23:38:37,493]-logger.py]-INFO:点击详情信息
[2018-05-28 23:39:25,975]-logger.py]-INFO:点击登录
[2018-05-28 23:39:26,873]-logger.py]-INFO:点击GPS查询
[2018-05-28 23:39:54,863]-logger.py]-INFO:点击登录
[2018-05-28 23:39:55,643]-logger.py]-INFO:点击GPS查询
[2018-05-28 23:40:01,503]-logger.py]-INFO:选择客货运车辆
[2018-05-28 23:40:03,218]-logger.py]-INFO:选择黄色
[2018-05-28 23:40:07,285]-logger.py]-INFO:点击车牌下拉框
[2018-05-28 23:40:07,543]-logger.py]-INFO:点击确定
[2018-05-28 23:40:08,380]-logger.py]-INFO:输入车牌号码
[2018-05-28 23:40:08,630]-logger.py]-INFO:点击查询位置图
[2018-05-28 23:40:12,804]-logger.py]-INFO:点击详情信息
[2018-05-28 23:41:29,478]-logger.py]-INFO:点击登录
[2018-05-28 23:41:30,271]-logger.py]-INFO:点击GPS查询
[2018-05-28 23:41:35,961]-logger.py]-INFO:选择客货运车辆
[2018-05-28 23:41:37,683]-logger.py]-INFO:选择黄色
[2018-05-28 23:41:41,645]-logger.py]-INFO:点击车牌下拉框
[2018-05-28 23:41:41,897]-logger.py]-INFO:点击确定
[2018-05-28 23:41:42,499]-logger.py]-INFO:输入车牌号码
[2018-05-28 23:41:42,764]-logger.py]-INFO:点击查询位置图
[2018-05-28 23:41:46,595]-logger.py]-INFO:点击详情信息
[2018-05-28 23:44:58,906]-logger.py]-INFO:点击登录
[2018-05-28 23:44:59,656]-logger.py]-INFO:点击GPS查询
[2018-05-28 23:45:05,358]-logger.py]-INFO:选择客货运车辆
[2018-05-28 23:45:07,182]-logger.py]-INFO:选择黄色
[2018-05-28 23:45:10,960]-logger.py]-INFO:点击车牌下拉框
[2018-05-28 23:45:11,244]-logger.py]-INFO:点击确定
[2018-05-28 23:45:11,984]-logger.py]-INFO:输入车牌号码
[2018-05-28 23:45:12,258]-logger.py]-INFO:点击查询位置图
[2018-05-28 23:45:16,106]-logger.py]-INFO:点击详情信息
[2018-05-28 23:45:19,423]-logger.py]-INFO:点击车辆信息
[2018-05-28 23:45:47,884]-logger.py]-INFO:点击登录
[2018-05-28 23:45:48,890]-logger.py]-INFO:点击GPS查询
[2018-05-28 23:45:54,009]-logger.py]-INFO:选择客货运车辆
[2018-05-28 23:45:55,745]-logger.py]-INFO:选择黄色
[2018-05-28 23:46:00,991]-logger.py]-INFO:点击车牌下拉框
[2018-05-28 23:46:01,263]-logger.py]-INFO:点击确定
[2018-05-28 23:46:02,052]-logger.py]-INFO:输入车牌号码
[2018-05-28 23:46:02,261]-logger.py]-INFO:点击查询位置图
[2018-05-28 23:46:06,092]-logger.py]-INFO:点击详情信息
[2018-05-28 23:46:09,395]-logger.py]-INFO:点击车辆信息
[2018-05-28 23:46:27,167]-logger.py]-INFO:点击登录
[2018-05-28 23:46:28,092]-logger.py]-INFO:点击执法查询
[2018-05-28 23:46:33,369]-logger.py]-INFO:选择客货运车辆
[2018-05-28 23:46:33,625]-logger.py]-INFO:点击车牌下拉框
[2018-05-28 23:46:36,815]-logger.py]-INFO:滑动下拉
[2018-05-28 23:46:37,128]-logger.py]-INFO:点击确定
[2018-05-28 23:46:37,896]-logger.py]-INFO:输入车牌号码
[2018-05-28 23:46:38,369]-logger.py]-INFO:点击查询按钮
[2018-05-28 23:46:43,263]-logger.py]-INFO:点击车辆查询结果
[2018-05-28 23:46:47,303]-logger.py]-INFO:点击业户
[2018-05-28 23:46:53,825]-logger.py]-INFO:向下滑动
[2018-05-28 23:46:54,625]-logger.py]-INFO:向上滑动
[2018-05-28 23:46:55,458]-logger.py]-INFO:点击返回
[2018-05-28 23:46:56,124]-logger.py]-INFO:点击违章 
[2018-05-28 23:46:56,756]-logger.py]-INFO:点击返回主界面
[2018-05-28 23:46:57,296]-logger.py]-INFO:点击拍照
[2018-05-28 23:46:59,391]-logger.py]-INFO:手机返回键
[2018-05-28 23:47:17,666]-logger.py]-INFO:点击登录
[2018-05-28 23:47:18,581]-logger.py]-INFO:点击执法查询
[2018-05-28 23:47:22,465]-logger.py]-INFO:点击从业人员
[2018-05-28 23:47:24,182]-logger.py]-INFO:选择业户类别
[2018-05-28 23:47:25,381]-logger.py]-INFO:输入业户名称
[2018-05-28 23:47:25,847]-logger.py]-INFO:点击查询按钮
[2018-05-28 23:47:27,006]-logger.py]-INFO:点击车辆查询结果
[2018-05-28 23:47:33,476]-logger.py]-INFO:向下滑动
[2018-05-28 23:47:34,555]-logger.py]-INFO:点击业户
[2018-05-28 23:47:36,946]-logger.py]-INFO:点击返回
[2018-05-28 23:47:39,512]-logger.py]-INFO:点击业户
[2018-05-28 23:47:42,057]-logger.py]-INFO:点击返回主界面
[2018-05-28 23:48:43,167]-logger.py]-INFO:点击登录
[2018-05-28 23:48:44,370]-logger.py]-INFO:点击GPS查询
[2018-05-28 23:48:54,947]-logger.py]-INFO:选择客货运车辆
[2018-05-28 23:48:56,751]-logger.py]-INFO:选择黄色
[2018-05-28 23:49:00,799]-logger.py]-INFO:点击车牌下拉框
[2018-05-28 23:49:01,071]-logger.py]-INFO:点击确定
[2018-05-28 23:49:01,755]-logger.py]-INFO:输入车牌号码
[2018-05-28 23:49:02,009]-logger.py]-INFO:点击查询位置图
[2018-05-28 23:49:05,907]-logger.py]-INFO:点击详情信息
[2018-05-28 23:49:09,217]-logger.py]-INFO:点击车辆信息
[2018-05-28 23:53:10,638]-logger.py]-INFO:点击登录
[2018-05-28 23:53:11,448]-logger.py]-INFO:点击GPS查询
[2018-05-28 23:53:17,104]-logger.py]-INFO:选择客货运车辆
[2018-05-28 23:53:18,906]-logger.py]-INFO:选择黄色
[2018-05-28 23:53:23,094]-logger.py]-INFO:点击车牌下拉框
[2018-05-28 23:53:23,412]-logger.py]-INFO:点击确定
[2018-05-28 23:53:24,188]-logger.py]-INFO:输入车牌号码
[2018-05-28 23:53:24,418]-logger.py]-INFO:点击查询位置图
[2018-05-28 23:53:28,305]-logger.py]-INFO:点击详情信息
[2018-05-28 23:53:31,595]-logger.py]-INFO:点击车辆信息
[2018-05-28 23:54:36,235]-logger.py]-INFO:点击登录
[2018-05-28 23:54:37,164]-logger.py]-INFO:点击GPS查询
[2018-05-28 23:54:42,944]-logger.py]-INFO:选择客货运车辆
[2018-05-28 23:54:44,677]-logger.py]-INFO:选择黄色
[2018-05-28 23:54:48,577]-logger.py]-INFO:点击车牌下拉框
[2018-05-28 23:54:48,873]-logger.py]-INFO:点击确定
[2018-05-28 23:54:49,581]-logger.py]-INFO:输入车牌号码
[2018-05-28 23:54:49,840]-logger.py]-INFO:点击查询位置图
[2018-05-28 23:54:53,786]-logger.py]-INFO:点击详情信息
[2018-05-28 23:54:57,100]-logger.py]-INFO:点击车辆信息
[2018-05-28 23:56:32,271]-logger.py]-INFO:点击登录
[2018-05-28 23:56:33,140]-logger.py]-INFO:点击GPS查询
[2018-05-28 23:56:37,876]-logger.py]-INFO:选择客货运车辆
[2018-05-28 23:56:39,690]-logger.py]-INFO:选择黄色
[2018-05-28 23:56:43,671]-logger.py]-INFO:点击车牌下拉框
[2018-05-28 23:56:44,108]-logger.py]-INFO:点击确定
[2018-05-28 23:56:44,863]-logger.py]-INFO:输入车牌号码
[2018-05-28 23:56:45,107]-logger.py]-INFO:点击查询位置信息
[2018-05-28 23:56:50,503]-logger.py]-INFO:向下滑动
